-----------------------------------------------------------------------------------------
Pitch: Object type: Pitch
Object name: <no name>
Date: Wed Feb 26 02:20:51 2020

Time domain:
   Start time: 0 seconds
   End time: 9.733020833333333 seconds
   Total duration: 9.733020833333333 seconds
Time sampling:
   Number of frames: 970 (254 voiced)
   Time step: 0.01 seconds
   First frame centred at: 0.021510416666665862 seconds
Ceiling at: 600 Hz

Estimated quantiles:
   10% = 132.31413 Hz = 118.564531 Mel = 4.84760565 semitones above 100 Hz = 3.83035829 ERB
   16% = 134.827722 Hz = 120.586965 Mel = 5.17340595 semitones above 100 Hz = 3.89147626 ERB
   50% = 141.771113 Hz = 126.135274 Mel = 6.04276323 semitones above 100 Hz = 4.05848155 ERB
   84% = 147.575456 Hz = 130.730825 Mel = 6.73743357 semitones above 100 Hz = 4.19608136 ERB
   90% = 149.608339 Hz = 132.331312 Mel = 6.97428712 semitones above 100 Hz = 4.2438504 ERB

Estimated spreading:
   84%-median = 5.816 Hz = 4.605 Mel = 0.696 semitones = 0.1379 ERB
   median-16% = 6.957 Hz = 5.559 Mel = 0.8711 semitones = 0.1673 ERB
   90%-10% = 17.33 Hz = 13.79 Mel = 2.131 semitones = 0.4143 ERB

Minimum 121.378208 Hz = 109.677892 Mel = 3.35411316 semitones above 100 Hz = 3.56024051 ERB
Maximum 561.961128 Hz = 387.179231 Mel = 29.8856441 semitones above 100 Hz = 11.0675212 ERB
Range 440.6 Hz = 277.50134 Mel = 26.53 semitones = 7.507 ERB
Average: 146.914057 Hz = 129.260821 Mel = 6.28492357 semitones above 100 Hz = 4.14088521 ERB
Standard deviation: 47.22 Hz = 30.17 Mel = 2.918 semitones = 0.8198 ERB

Mean absolute slope: 166.7 Hz/s = 112.3 Mel/s = 12.84 semitones/s = 3.144 ERB/s
Mean absolute slope without octave jumps: 6.798 semitones/s

-----------------------------------------------------------------------------------------
Jitter:

localJitter: 0.01632811335798224
localabsoluteJitter: 0.0001110865714516153
rapJitter: 0.008399983837677358
ppq5Jitter: 0.009912911727293283
ddpJitter: 0.025199951513032073
-----------------------------------------------------------------------------------------
Shimmer:

localShimmer: 0.07977620332469494
localdbShimmer: 0.9188689875351207
apq3Shimmer: 0.028945154823059552
aqpq5Shimmer: 0.041817614920072396
apq11Shimmer: 0.05606662671082922
ddaShimmer: 0.08683546446917866
-----------------------------------------------------------------------------------------
Harmonicity (auto-correlation):  Object type: Harmonicity
Object name: untitled
Date: Wed Feb 26 02:20:51 2020

Time domain:
   Start time: 0 seconds
   End time: 9.733020833333333 seconds
   Total duration: 9.733020833333333 seconds
Time sampling:
   Number of frames: 962 (238 sounding)
   Time step: 0.01 seconds
   First frame centred at: 0.061510416666665894 seconds
Periodicity-to-noise ratios of sounding frames:
   Median 14.9710341 dB
   10 % = 6.19824415 dB   90 %% = 20.4825701 dB
   16 % = 6.96146861 dB   84 %% = 19.3968073 dB
   25 % = 9.33255148 dB   75 %% = 18.2004325 dB
Minimum: -2.98042176 dB
Maximum: 25.6589198 dB
Average: 13.7329327 dB
Standard deviation: 5.76791272 dB

-----------------------------------------------------------------------------------------
Harmonicity (cross-correlation):  Object type: Harmonicity
Object name: untitled
Date: Wed Feb 26 02:20:51 2020

Time domain:
   Start time: 0 seconds
   End time: 9.733020833333333 seconds
   Total duration: 9.733020833333333 seconds
Time sampling:
   Number of frames: 971 (240 sounding)
   Time step: 0.01 seconds
   First frame centred at: 0.01651041666666597 seconds
Periodicity-to-noise ratios of sounding frames:
   Median 17.3999367 dB
   10 % = 5.18419172 dB   90 %% = 23.2157885 dB
   16 % = 8.06632758 dB   84 %% = 21.9661527 dB
   25 % = 11.9339265 dB   75 %% = 20.5530226 dB
Minimum: -7.80470374 dB
Maximum: 26.7161882 dB
Average: 15.6888631 dB
Standard deviation: 6.64312595 dB

-----------------------------------------------------------------------------------------
HNR: 15.688863055992018
-----------------------------------------------------------------------------------------
Glottal features and glottal based spectral features [formants]:
 F1 : 
---------
[556.174295051774, 509.1856314934394, 467.37017438077487, 470.77998480748215, 481.2650743228366, 484.52332529250936, 487.41786334054405, 487.7623666953585, 473.94785091578416, 442.3235180116299, 409.9813450841537, 339.34773196141344, 319.6256479211251, 311.9620768441048, 304.2440079311394, 305.8137284405374, 321.76011105728, 325.5010755993521, 319.2189843640568, 315.9109527578363, 386.3514103838198, 404.20101905772594, 414.53132635845964, 413.36880133768096, 415.6033129803967, 408.7077769514374, 403.70969055287054, 400.4714886905945, 402.1241453480561, 397.436514541456, 394.69340391448145, 384.17064065921534, 369.7356589773879, 354.1698509933524, 327.12711203152503, 316.56852853066374, 303.5951655302481, 330.9779416623414, 287.0896601282359, 276.61891950118826, 283.39492514317567, 306.1230741435528, 345.8634317957408, 366.72027133890487, 377.8395992674416, 386.64704564271824, 388.56285219270393, 400.8442177177318, 398.1380349946714, 410.66533821763034, 432.57093470115893, 422.9990099369075, 443.523384863344, 453.76994236898105, 460.6108940015633, 477.55329115689835, 487.3897594168788, 497.0454431258641, 497.9200036975295, 502.52269220031974, 504.32704571319624, 502.52465802421125, 502.9281353391165, 498.68641620760343, 499.0173482293799, 487.22142809229825, 463.8906322631161, 446.26233709191877, 468.1297713675556, 462.1890093255023, 481.85203154134445, 493.85187389102833, 501.01321053194613, 505.03742213066926, 507.8208542808408, 512.5491173082859, 517.5690123880956, 519.9950514048243, 518.8079799325326, 518.8219114090539, 523.574547253164, 529.2314396741415, 530.2415948188418, 529.437008481017, 526.7251113254707, 526.3426682516899, 535.5464780550699, 547.6409457636385, 560.563291469267, 567.0922231289022, 565.8173674340348, 558.8531299197401, 578.2771390103077, 564.6535473245331, 563.0178831088929, 550.0400105207295, 534.0491367647777, 509.2304504116863, 468.395487202951, 417.82915336053634, 356.8409581355531, 342.6128843671021, 325.8145109091309, 322.4332237789846, 309.5512029707598, 295.4816458359919, 300.6516344923229, 297.43505124862145, 291.6925000778366, 296.7802833007345, 323.5526971932455, 378.42255938443003, 418.48832836271885, 423.65168355853933, 426.5281880928126, 429.1991359945127, 431.87165550631016, 432.77714918329946, 426.04463424911216, 418.6796567227231, 412.0475980034386, 408.0230175090128, 404.428198998853, 404.2346081681642, 402.30118240592407, 403.574317514791, 406.39718297864124, 403.98192441803786, 397.54433603305347, 392.9833739835213, 383.1434478204276, 378.2024205701841, 382.92315317802496, 377.0233884224044, 405.797378005706, 485.9753596791618, 432.6109175960029, 400.1158834513456, 410.9688372082279, 468.9142106687276, 583.7845295343099, 568.9039159658797, 527.8457364369341, 519.7511679962381, 531.0874605528602, 523.2465673224087, 522.5388106838134, 519.0939990013378, 507.55655049340345, 471.7910909611836, 423.6078981952132, 341.72397479586954, 320.84957547413444, 328.44965616182884, 335.76780331247886, 322.4365061645851, 318.24661984895454, 310.66179585823073, 289.9308565458211, 272.3466218771134, 281.1543450689133, 358.41137973551963, 399.83820788974754, 416.4066280574024, 424.14577217168863, 434.8485012442129, 441.77972810938894, 442.00263058503856, 440.7607555962057, 435.15349604022475, 435.6043408782218, 435.0299943033113, 434.19498519955164, 435.19095139360763, 434.18440455320433, 432.12725414663504, 430.16300116845986, 426.84303220088435, 425.84509988264637, 428.266387725864, 423.5789127680977, 422.94096133203084, 423.24739555231287, 426.17182944902476, 429.4001603084864, 430.29491975425054, 429.45447799560026, 423.717252610401, 416.9946079858652, 406.6082659824076, 396.65420888164624, 385.6207807626047, 395.57746941628125, 425.1200037549731, 382.98326111293244, 484.7752316276861, 543.6168959347428, 651.47574323817, 661.2310393278678, 618.6995541038899, 596.8686836191556, 593.2664222523819, 591.5898638681947, 586.0480158180873, 589.2909204572647, 609.7345296148342, 600.1234296356961, 560.7018061157607, 488.1914956525837, 419.0652773690282, 375.69264124558725, 338.9538246619983, 317.6240429780862, 314.0951984353923, 310.9149411596193, 308.7404364969199, 307.3527138072703, 320.60475665414396, 317.47523597581863, 329.63516827823287, 386.45149941237105, 434.1873406156296, 448.5917874014421, 473.0009946342031, 468.2762971677799, 456.5130784775262, 462.0130090132945, 472.07252380074175, 492.15768485199084, 512.4593112790321, 524.7869389866443, 512.9611660785124, 536.7908804455766, 555.5581987573775, 532.3780442742536, 500.6067174636892, 490.3955742796393, 485.465603538326, 490.9923407756694, 473.1887790969624, 468.9299634335773, 476.1242218138154, 477.85162170034044, 489.2504858208972, 499.7225681157582, 498.27877809418214, 492.73206501391536, 483.05987564315114, 479.6028242180549, 474.40738483959984, 469.7947565189008, 465.8830270444417, 442.5583783813801, 435.4625112066242, 438.97267541788216, 448.10195202196877, 424.9603609134496, 373.72785654409864, 386.57139526651474, 385.61968811018943, 364.22440860159617, 325.3514105186034, 309.9793770654171, 340.65733635738667, 629.2136520653193, 638.1061894226826, 628.9288349622914, 605.8703332680427, 587.915544800378, 552.1200173796167, 517.9171681610237, 397.45817229430054, 318.1863102875423, 322.24741439507227, 322.6982909102954, 332.151628953097, 322.92149809590023, 302.16179249281925, 315.6790008685873, 345.91528805289363, 384.0630109065917, 441.6946234293347, 459.8257165761718, 468.7577276289267, 485.9924241486186, 490.5989516051294, 490.30388380826605, 497.54458405941494, 489.6921706292066, 488.7260833284079, 495.58240670073917, 500.24523984019174, 500.9695776824186, 506.8805387445615, 498.64720098269123, 491.7555248453443, 491.57876963488945, 493.2356183713776, 492.70017201645686, 488.2534778944345, 496.2478698564429, 497.87480920575837, 490.5364926111854, 490.9106334822593, 493.55812140235605, 487.22122971960164, 485.1189367309801, 484.2256120429306, 481.5266364802162, 479.69307615585217, 478.71979340276863, 476.7117212384475, 470.0554694085054, 455.54216857797303, 455.2544551466635, 451.2774541142605, 447.9960032258031, 442.0084468317155, 435.82220488350845, 434.42447206614594, 423.3418827016346, 370.4298215604956, 350.5562854257869, 358.7211149222779, 150.41427963318336, 314.8478838309665, 374.0633301054349, 372.998212523121, 993.676666562796, 545.1309517624021, 634.4107772722938, 670.1538324176655, 626.2150328408103, 596.3122050127927, 554.3457119654431, 496.31561490362145, 404.3881173746569, 364.71171482694893, 348.57696639936245, 350.9124344401287, 341.9333161307606, 336.7066997338599, 375.50540838067866, 448.8913929945666, 477.07803535512784, 499.24573854397994, 508.94120335371275, 507.109308447643, 500.07315584538964, 494.76920050392215, 500.72454095362934, 495.66972001365446, 494.4712168276326, 507.1845636045476, 506.0671791052706, 493.9981668624145, 486.45517072228915, 486.30218512610674, 478.0368753505483, 469.99546912307517, 459.90076798420864, 451.8110722013448, 450.1189463056022, 443.57296364054844, 445.30491699412, 450.6425197845407, 463.8203054091689, 459.8882811130835, 467.9661512009123, 472.4906311497336, 468.2776997862632, 464.4292935551637, 467.5824158603281, 464.2874776425034, 460.31116858649193, 461.1726525584553, 460.03673466708614, 458.3157941220405, 445.3404603817728, 662.5849040575541]

F2 : 
---------
[2016.9723789394184, 1901.0042329054659, 1894.4356658562751, 1951.3551205714416, 1989.8599437196992, 1953.2095255132954, 1979.2824334532984, 1928.1204970786143, 1866.041568759904, 1815.1809304938033, 1763.7453772981903, 1768.221839610862, 1789.5081522256273, 1788.8462027350852, 1796.203357650364, 1767.25525428215, 1768.929795918259, 1853.611814565511, 2399.6443034787885, 2347.0067645307563, 1913.868982281038, 1769.4536165044253, 1730.5470622202872, 1638.682668438989, 1546.0246866993755, 1472.482996961065, 1418.6384026580354, 1409.983327178602, 1393.301434592659, 1379.2316178434442, 1421.7306514099264, 1471.9739407342133, 1535.3105292630426, 1724.1039115024398, 1714.0605609538381, 1669.3634323304632, 1611.7448219801583, 1582.2103807645467, 1583.6091421987817, 1418.905584365643, 1407.8485495962136, 1728.1625917774134, 1955.364950746326, 1978.0768396655394, 2020.7560858332595, 2014.7259746065063, 2032.5902878755332, 2069.0626450124337, 2076.011942356844, 2082.811455422103, 2079.14910827959, 2070.242755178444, 2071.543871158013, 1991.7784221685613, 1990.7488730991943, 1991.1384096785168, 1943.5315784611591, 1952.6296549837684, 1957.6147966963097, 1937.9064751481872, 1926.4606132871534, 1872.2371641700736, 1905.0909635599185, 1958.067819579447, 1852.6308146191375, 1848.323664191767, 1797.3971835747006, 1806.945320896188, 1800.36464948446, 1808.1907256383088, 1746.5943679344077, 1731.8046162041035, 1722.2791017971408, 1717.9887784271805, 1719.6012609256154, 1733.4212884226652, 1743.93161406675, 1751.5929052418242, 1756.4989397386069, 1763.1360781140475, 1774.418956158839, 1782.0520977098708, 1775.4110186014746, 1762.1407707012586, 1740.2716476448827, 1727.5332555552704, 1726.9012152411183, 1729.4853387799428, 1734.078047132937, 1739.234873089802, 1742.7609967240169, 1746.4043953554005, 1730.0137079518358, 1727.77983968066, 1755.2378500026934, 1730.9494681796298, 1724.3379307171801, 1716.5626389192585, 1693.8290286389697, 1666.7610400997446, 1650.9575713664049, 1627.1122323292345, 1650.6035112277157, 1605.8793024257543, 1615.2496257863459, 1660.8211426063513, 1626.4749481775973, 1597.2391729270987, 1580.0995728169605, 1589.3440910886336, 1658.503393608935, 1630.4069669877, 1567.020909492605, 1498.024962516767, 1431.910966433174, 1397.4123196215853, 1367.5563145805008, 1314.281275839194, 1261.9502680826731, 1201.067900584935, 1186.341939432554, 1167.9978965076652, 1143.2329168267222, 1052.6091646455175, 992.1917403489675, 1005.7913364345416, 997.2536700444213, 993.9932453810022, 989.2611460688048, 1012.2023537874992, 1018.3601518635411, 1036.092973724124, 1067.4662290376164, 1068.367455671982, 1073.7636609124647, 2002.6390964769703, 1852.829531559443, 1330.293408996361, 1253.9933811621775, 1348.834974322335, 1859.7736902427532, 1978.4288753952226, 1947.0794004807162, 1791.5792493363133, 1731.5004561091519, 1670.361667784041, 1683.552187505943, 1715.1653395075236, 1695.151353525057, 1696.9277042770927, 1744.9638957204295, 1621.6494260426439, 1617.6685151514087, 1534.8836350137894, 1605.0801672039006, 1676.2430783239768, 1665.1689947955435, 1647.842614860977, 1722.0092221502412, 2006.5462008088002, 2398.9343937129725, 1782.910469372634, 1741.1886336693656, 1716.4078405317675, 1677.1948735845376, 1669.074391007741, 1516.1725255670697, 1367.4949782920896, 1341.6570513068348, 1328.6243178266782, 1315.3226813074243, 1275.6949163484246, 1215.1348098669662, 1205.4737106333957, 1199.354767573428, 1171.60414562669, 1134.8698277599678, 1109.964095568659, 1069.9655092470014, 1054.612390604996, 1050.1631552224385, 1080.8674760519928, 1064.0337882082567, 1050.67315956588, 1049.7074451991084, 1040.6052611663424, 1020.939712916816, 998.3753916984241, 994.2484588569998, 1053.217634838196, 1071.7195677380205, 1072.2645588045164, 1043.9267628735195, 1118.411157623566, 1019.6212800088889, 1111.6498063256806, 1149.3433347198213, 1804.4247219551557, 2384.71120860253, 1475.811062592209, 1433.875639021406, 1462.6219111206294, 1424.4268030369371, 1299.6039818302086, 1328.763616693298, 1398.4625032840604, 1421.6139684565337, 1315.4952097039245, 1215.3046701038509, 1289.2862272858572, 1241.6175792318063, 1266.2278174154094, 1329.0662392674371, 1222.507483130739, 1126.0209685335103, 1097.129773693137, 1086.4567801886124, 914.9344925796785, 1052.7528724961983, 1094.1590564573066, 1020.5646956856015, 1024.2339582242857, 1068.8424062789584, 1156.5309046279363, 1124.795517570816, 1097.9061971058725, 1115.1258771914947, 1114.5376103372487, 1125.721321697416, 1104.332377513529, 1072.9728813327165, 1054.4682142672693, 1051.5387766492026, 1051.3926077333565, 1039.4307980195929, 1028.8167970710495, 1015.4202355202608, 1024.2883945504245, 1011.4728759606703, 964.9273658227456, 982.8019360326239, 994.0908143902508, 1004.4010272368912, 1018.4611522612901, 1017.9458428647287, 1011.3499848721084, 988.790736115207, 978.8163180400197, 999.6170184205004, 1002.4337642227999, 990.8894363423124, 963.4299027146506, 917.7202505152889, 941.0114288412656, 1010.8838309023704, 998.2077545163544, 986.5102313229185, 1022.4493249717932, 1147.3579101096689, 1162.3709119229243, 1136.7742729645267, 1141.4355172673413, 1205.1391297272344, 1342.2879542922458, 1473.2237675335468, 1547.929917946169, 1497.730465979631, 1406.9518023044886, 1420.187910097726, 1267.4033765276888, 1322.074159755865, 1417.6600094678522, 1472.7925125824254, 1373.8886176583774, 1448.891295332623, 1528.9830210405728, 1343.7850882611015, 1361.379649764325, 1338.0313468256713, 1341.324102945085, 1263.4891225119343, 1256.572940282353, 1199.8744814839863, 1199.0739919668076, 1206.3145785266292, 1165.174108262422, 1128.1334295866884, 1087.3824092110679, 1060.4623374187856, 1051.290993028354, 1059.3142469433105, 1049.761108482691, 1054.254386066599, 1064.7520221380837, 1050.078896208342, 1066.117786384866, 1060.6705647162275, 1045.6839587798904, 1033.134158412326, 1021.7611907713263, 1008.1268482396594, 1013.3234397175813, 995.996483907208, 994.089206451214, 994.5911301583677, 988.8874365469425, 988.430182290623, 993.4605638300237, 979.6230545870761, 969.6655874131309, 979.9940844818018, 991.6877062132547, 987.8463220739545, 986.6357181046069, 981.2406447242316, 985.982267929558, 986.4528516832502, 984.0584235424001, 993.7782177690596, 979.007362564528, 877.6516931052467, 936.9826883022012, 995.2828161140493, 980.6581792600011, 977.2960583305289, 969.3771277270116, 1019.9871101332275, 1012.9664496677849, 2536.725487520978, 677.1568921857082, 712.9812484916814, 1126.3374919916298, 1058.468852342169, 1113.8528941580046, 1091.3590188492522, 1207.2302611300408, 1113.8263361006595, 928.9154290529752, 1001.496569503872, 950.3673372861896, 1010.944940969699, 1074.3162594059447, 1102.6588067437901, 1106.5022878500624, 1115.1491139606821, 1100.5748106211897, 1103.267773193963, 1078.2667845058438, 1075.6853723474737, 1061.5599388564349, 1029.113712945897, 1012.4493274128702, 1009.6870866089786, 1049.5569617547621, 1047.4332382773023, 1039.6031729721547, 1040.776390465938, 1042.585941350676, 1003.4070675249743, 988.3665455340291, 978.1598968360931, 956.4532380501781, 966.5318598953014, 962.2321140389469, 956.4524456140942, 968.3930250879183, 977.4635570945992, 978.0039934066791, 981.4946626345095, 975.5035783343565, 977.4495319622705, 968.4230734231934, 965.2885799829307, 967.0689412386288, 967.0240757878578, 971.7910854871611, 977.104248048226, 987.2236059109551, 1020.4033968979754, 1153.2743900204377]

F3 : 
---------
[2500.608114373218, 2696.446807812284, 2658.180223776217, 2717.195450863277, 2715.316938296349, 2724.277756566806, 2733.1232655186955, 2741.411842862443, 2761.638250977023, 2741.5202461406725, 2679.1997077885385, 2588.3934247820303, 2599.080352007667, 2582.762129616035, 2541.4790956551215, 2504.331151048717, 2493.5431999630714, 2459.424036300298, 2698.6943443573377, 2491.294802783577, 2440.4116317558096, 2406.4335575739137, 2455.213491478537, 2455.5201118743003, 2450.125169241901, 2443.277591951046, 2458.420199668968, 2481.6508232680903, 2474.522597446849, 2438.9606574918475, 2451.4579910653783, 2459.4086253474356, 2502.222576444688, 2510.2875404064953, 2526.420087651043, 2517.915897512396, 2559.2270048956, 2540.171857251869, 2522.7548154331716, 2575.276344056669, 2451.2820916903706, 2459.828985723674, 2551.4670215811934, 2546.8870224951465, 2537.800308650359, 2545.365533400546, 2571.891230134311, 2576.6282951462986, 2554.0748545153847, 2563.693577193399, 2555.3599121183015, 2548.1142784096496, 2565.000081341468, 2567.3031969843314, 2560.725139041041, 2570.014651072132, 2589.967387925627, 2587.280459484446, 2543.107333015517, 2569.35522659206, 2546.1762515798982, 2537.8573556238634, 2581.5669449079332, 2575.416017262302, 2612.024935901413, 2603.4076085638044, 2554.0983983633046, 2479.09963773045, 2478.5267183165633, 2457.295100993081, 2526.82184273356, 2516.421966473402, 2516.37019555432, 2525.687083693983, 2537.7053230521965, 2535.768727646668, 2521.447319892648, 2502.7522254240725, 2495.6817673628034, 2492.994737161467, 2481.745552121942, 2459.992243130732, 2442.0954687677886, 2427.5313259590166, 2420.366436912051, 2431.2099061779686, 2450.4762384887927, 2463.36851091726, 2469.9250262630744, 2466.0268636390324, 2462.772570247731, 2462.3790784636353, 2725.120871014235, 2740.501479725539, 2645.22766555206, 2765.2039497741384, 2776.128400371922, 2733.6817261577603, 2686.1456097084792, 2574.1632792375167, 2641.9781875713584, 2782.0503366245266, 2924.5111249092774, 2785.255596410817, 2756.2621994066517, 2750.1363536311887, 2663.9450780382067, 2593.741857724501, 2521.0629491939426, 2445.2116351571317, 2434.476977196015, 2432.035090828651, 2425.598846943279, 2432.8462726791913, 2446.0552407901496, 2472.2801230649875, 2483.850988287391, 2488.86072033092, 2526.665533695887, 2541.721598813068, 2567.6250797028274, 2586.2656297129756, 2545.977920099749, 2555.9513955429225, 2540.7214934935914, 2476.621745498369, 2494.7351761121135, 2453.2642103436815, 2378.964230604551, 2149.823339149043, 2419.4627766619765, 2428.4579626671516, 2365.6625642837475, 2322.9879630911305, 2427.980160967433, 3408.105486051216, 2681.539784255598, 2362.701440119781, 2524.124758464872, 2462.5058242522277, 2725.75077708201, 2736.6798206597446, 2737.0956481041317, 2723.466694417252, 2735.280897969607, 2742.803625066328, 2745.631984543719, 2750.578007192373, 2746.009288795546, 2734.2811081702876, 2725.7522240495036, 2702.1123144730705, 2672.85605006441, 2645.0197665719497, 2647.26836204722, 2640.7502080862887, 2697.0493179892455, 2685.795847936779, 2630.8132325378974, 2622.274852646045, 2627.8160223701457, 2511.8262775756516, 2464.5215975248457, 2445.734251939435, 2402.8313923700766, 2443.6554188333457, 2422.1284721569014, 2435.168232422851, 2421.2707840993753, 2429.3272484802496, 2501.515096416665, 2501.2337201664227, 2515.086864865395, 2541.9042870039607, 2545.8229134726757, 2519.4582596749106, 2472.262076499171, 2456.2022467080624, 2476.546741880787, 2527.5835992270627, 2551.377228379696, 2507.591954608932, 2491.0734250305954, 2462.932681996564, 2415.968881619023, 2467.684024051854, 2481.710833585377, 2424.134957060167, 2400.983126769602, 2429.3008380307456, 2342.1674420303466, 2287.4660621592257, 2381.084722838682, 2523.0504825789512, 2469.3920196257213, 2537.211207818211, 2450.7138706602036, 2919.485181583148, 2740.3704152851665, 2771.0595165842074, 3061.401292711921, 3215.092397883282, 3019.357720379666, 2601.9945897159246, 2580.781953662928, 2596.316041960658, 2616.192406577469, 2615.246186598449, 2588.694246447276, 2481.739078126624, 2497.576114058179, 2656.0344401359835, 2629.9967100111903, 2603.02272156063, 2598.9962860414607, 2592.527702488137, 2600.7230042156293, 2515.8021460720056, 2624.07689706839, 2695.9717208530174, 2673.1086488434694, 2600.7896996496124, 2686.034572737994, 2751.1834309985934, 2706.516802157415, 2720.281915823683, 2768.3965381429557, 2737.861734449576, 2826.319085365814, 2894.1367647559905, 2953.5400307218247, 2903.7806112245567, 2885.360837404364, 2814.3950345278595, 2847.7533853876716, 2779.772596689065, 2677.8304371846502, 2578.8606764513925, 2545.997763261926, 2466.9320951636982, 2448.4126108609, 2428.732282630918, 2419.6289872013326, 2485.978943001242, 2507.678597500292, 2486.2534754627886, 2481.6053951179524, 2483.607107266867, 2591.993119351448, 2640.062288032352, 2754.351258058167, 2714.0601410273957, 2606.504760997597, 2472.726702076985, 2605.051062645417, 2578.0010343934487, 2450.8225221054163, 2356.057524388713, 2395.7060199922466, 2488.670369454941, 2528.203476265695, 2655.365448684586, 2521.822809698649, 2254.6014974942336, 2612.9604040059103, 2619.551709753662, 2622.5000023830144, 2613.1418415494945, 2619.4209204201848, 2636.1873586213346, 2643.139499196647, 2540.3564251358057, 2583.038265848476, 2695.3561031128697, 2677.3857148777915, 2975.767569521272, 2538.803320370596, 2618.5637454116427, 2579.7608039048837, 2265.319392893756, 2440.087149945185, 2516.5248056362743, 2529.503224359151, 2570.5512105783982, 2571.607003423028, 2553.3165698940034, 2540.697479408555, 2535.9509939150007, 2537.021810447157, 2560.419585701238, 2617.904310647923, 2592.3146666370603, 2516.903632765635, 2515.9260905077695, 2475.7971384231514, 2507.8946824402847, 2498.8244858582616, 2597.5502492388173, 2528.1753929150896, 2567.305319832119, 2736.889858226816, 2627.990702981461, 2564.425728617886, 2630.56417907269, 2630.2684218999625, 2497.6354735551326, 2484.37012503621, 2553.6424451950015, 2551.8353534655807, 2481.325885633295, 2459.1235260338995, 2427.742089228127, 2454.6559817436155, 2450.4010004753036, 2482.919057649535, 2455.7814245903915, 2515.659496470545, 2577.7699244967594, 2655.766809668514, 2635.192842351499, 2590.4988988450827, 2517.12351647744, 2478.399444519373, 2643.758825931924, 2691.6160656441784, 2597.7236602327657, 2540.3211569383466, 2519.865170713916, 2952.8480134224606, 2544.996836904137, 2565.808935694983, 2628.9223301304337, 2614.802847388564, 2610.1907442184547, 2602.5986840625646, 2685.982062819881, 2708.382586640228, 2615.076551821235, 2496.4501037708424, 2467.413179122728, 2440.822430706696, 2469.8642252607924, 2564.690844091227, 2538.2010507774608, 2463.4495675443736, 2405.8629031345895, 2459.448946793669, 2477.7736115010357, 2522.2419554193184, 2513.0509018167563, 2503.6669494167245, 2507.123343223528, 2499.548153648869, 2561.3255738083863, 2615.7731452354733, 2596.4621413439395, 2605.315601441102, 2610.4113882032652, 2606.849231980946, 2594.23374598187, 2595.6163952268407, 2566.827509088541, 2507.3126856879862, 2479.292586892106, 2425.3923066580815, 2567.7603341457957, 2737.9767293042014, 2526.776134513862, 2526.7703379367354, 2484.8883899403822, 2455.5422297494474, 2494.716999166309, 2511.7551143140577, 2528.6885852536475, 2469.030500879497, 2447.650761311906, 2563.0216159261036, 2599.5674068787694, 2395.100824543596, 2354.91173301555]

F4 : 
---------
[2884.228307929951, 3851.8027113774, 3808.693621157382, 3964.955244999401, 3902.952241898708, 3886.4677536910335, 3872.990042988556, 3865.6272943917043, 3573.290953181765, 3106.992344937956, 3885.3622161649037, 3725.215243328311, 3588.21035455831, 3483.5164408651863, 3384.523003143348, 3341.3798985173644, 3335.7149530345155, 3256.430826668493, 3705.8825045247513, 3005.7864538677695, 3200.179414499241, 3301.8561803911225, 3352.264597358116, 3566.7474604215586, 3747.8869172582104, 3746.8355682675315, 3738.776634216474, 3826.6257031860687, 3842.4562880620274, 3815.4048588243722, 3853.495807142416, 3867.432981698705, 3898.766575576609, 3918.3702493946757, 3962.4474835836877, 3984.289150547224, 3942.9080976686287, 3918.93820979277, 3552.7522582431143, 3366.774457984803, 3489.846262079251, 3779.517632305778, 3928.818574688803, 3921.570083667565, 3899.8446087607663, 3920.740180830129, 3939.6594415123104, 3862.7582389735967, 3836.841038657456, 3904.9540674845616, 3868.296746652348, 3847.95199717015, 3853.7917716777733, 3858.47288077925, 3816.3431862662615, 3756.224433818202, 3865.663507341614, 3723.5449893653354, 3757.3181021589025, 3806.2419917277284, 3817.4743265730644, 3861.865610966935, 3820.313249182887, 3881.9010621022785, 3748.2996066052165, 3895.9498686730053, 3937.0618350964405, 3544.3198133957335, 3381.4818211656143, 3189.9092793739833, 3334.000486467227, 3288.240965655526, 3250.8072307202697, 3216.995073859493, 3186.064015718835, 3134.123115134467, 3099.479628093452, 3102.7505021131733, 3158.1688979078813, 3239.3242732658973, 3358.2512191462847, 3416.94555393155, 3402.9257509112986, 3387.1735165731457, 3376.113459160423, 3383.3073576815127, 3398.1514646335686, 3403.5482251900344, 3398.4833544529015, 3368.3761000709787, 3346.851558398311, 3329.718878715699, 3867.064704325285, 3902.7985358128453, 2752.6353606269076, 3254.9237427501703, 3892.721546212537, 3777.2462860516284, 3169.7483974664597, 3284.672850167934, 3262.5815942606378, 3180.315016667895, 3143.1227935261663, 3305.349338630283, 3328.2298495616733, 3300.5613180529995, 3332.2538018252226, 3291.4643308420323, 3122.927277130353, 3211.9123322045943, 3161.7835303599754, 3176.2849965302203, 3247.4597288359796, 3329.545333760632, 3513.85354338172, 3722.257312294756, 3756.405297279048, 3734.1340963131865, 3713.0273389090635, 3703.3377214522006, 3742.272635867205, 3760.737563296241, 3730.3497678978256, 3697.192726881233, 3708.717549246237, 3714.807057269349, 3730.6696790144942, 3764.721801870519, 3742.9709395539126, 3723.0097251975003, 3744.288334675425, 3737.1602061790636, 3744.9326650172175, 3736.144670424805, 3712.3370960237103, 4302.912075352671, 3812.427516032746, 3636.396479707315, 3658.4667523256862, 3291.5474543526666, 3808.502573100187, 3809.5000903680407, 3888.0907662846766, 3910.8278870527392, 3912.98793589481, 3933.656993726647, 3944.9366795558653, 3947.2771482886897, 3873.993015789494, 3948.270034075196, 4045.2885781371956, 3388.4739573135967, 3525.5248444506474, 3768.8848037964144, 3646.5490140095885, 3649.7020890369517, 3232.950950569093, 3088.6234010493226, 3259.966508563134, 3211.40867295692, 3042.5472602449895, 3148.683871013557, 3196.265806848093, 3254.3151947937786, 3488.137000806492, 3801.5129546630333, 3794.0713538861046, 3690.112498694648, 3651.698989551153, 3629.143731135828, 3667.6412469920956, 3607.602431802247, 3614.4821227392117, 3659.6180165453907, 3655.1906621371445, 3654.347313697329, 3600.344125264455, 3557.8118578832054, 3579.5528848621416, 3612.767043111056, 3609.6677258644213, 3632.6881987322254, 3634.185370834938, 3630.7568535323608, 3613.940443267197, 3689.4221205256013, 3697.9549056084975, 3686.735494866956, 3668.4016344859583, 3675.8211168692515, 3656.407037597756, 3615.653438716353, 3550.0824116463727, 3875.354785591658, 3583.5823073558745, 3375.5294853806963, 3291.306638799962, 4313.953252754816, 4386.237215411447, 3910.596218709928, 3829.255032588243, 3778.5015744835755, 3755.644623420077, 3693.8636563905557, 3709.48682087937, 3707.0855287673676, 3609.354557314688, 3607.7405530813644, 3306.0657487929843, 3112.7721297066937, 3283.142334559611, 3188.9011603927065, 3128.105133188657, 3075.5363789710327, 3015.4316477141147, 3062.1678756165475, 3072.228593055763, 3141.9232487743266, 3114.7544891877706, 3118.861068662128, 3108.9586391261937, 3022.0414747116192, 3060.3680813238843, 3276.8837333692763, 3340.3660205383067, 3339.896738579148, 3379.118469555728, 3501.362592882334, 3558.8643942861413, 3585.392997416844, 3614.8965659636365, 3617.159903423493, 3597.68799948556, 3577.6815787110795, 3605.408861688957, 3630.8363277045314, 3646.2478524106536, 3650.388061545346, 3707.491304889896, 3686.8923676699487, 3686.624685913219, 3674.1881735723637, 3698.132621086892, 3713.1431552708377, 3727.2509863351984, 3727.2999472798265, 3746.280479016624, 3756.0920930488737, 3791.8153031906145, 3770.117639713205, 3755.3849014156417, 3768.1874023014616, 3787.0243591955154, 3827.600401489544, 3929.5426450272203, 3928.254867113664, 3388.2514972097297, 3313.7478599646342, 3529.510846937073, 3538.8391058100415, 3450.103576567477, 3372.88504728305, 3435.0456542745187, 3468.5774466955363, 3681.960377540711, 3666.188019161323, 3662.4449140776296, 3579.915627401656, 3450.3479871104746, 3440.6308318649963, 3187.7977183772205, 3064.551976483731, 3068.1045040064478, 3016.377080506075, 2963.1690923438177, 4129.163256921664, 3027.4264758472737, 3030.1927292055952, 2987.844198314176, 2965.7559498403066, 2967.221286899868, 3028.5961291639674, 3100.330482023941, 3254.412362417289, 3364.406281888602, 3467.4727031719653, 3541.569712190518, 3570.4398245888365, 3586.7772825419047, 3579.3146670587735, 3630.0390972759124, 3594.4112575110103, 3648.0430368414904, 3676.8151608299704, 3521.6031974017365, 3347.7361339157906, 3439.777069573339, 3574.044314042142, 3329.074081517777, 3300.6595151723286, 3264.5604632064587, 3362.4096338630998, 3548.4569945476837, 3708.723969411609, 3674.5797766874703, 3526.6155195065962, 3605.4137823613723, 3747.16165639761, 3750.8376889013307, 3726.932005119554, 3738.0950371545023, 3751.939662429293, 3707.2165603134886, 3733.579134646612, 3728.4762910541886, 3710.4576282119815, 3749.1500337974053, 3752.3542084447736, 3757.4496246136177, 3809.450125682614, 3762.8179506284882, 3507.140248688765, 3547.2940048032556, 3379.5432843964436, 3261.1551598754486, 3417.728960170269, 3423.0501553528916, 3307.100574568744, 3635.8992065965817, 3441.465495301037, 3551.0998162035357, 3632.3402106863646, 3504.370739486798, 3510.1406977004763, 3486.4517030968696, 3071.108486942471, 3112.1020992410226, 3201.7522268703206, 3208.5764996284393, 3198.9996199269804, 3184.7582444621294, 3126.2252203095145, 3052.774122821614, 3035.976696538085, 3076.759325173979, 3210.8913616862383, 3477.1397265660944, 3543.0407475246047, 3608.0099259602334, 3593.4806719073367, 3613.726375360103, 3626.600246745428, 3622.920191259993, 3618.86976378476, 3618.996039056151, 3624.815517873029, 3628.198263465109, 3636.9755959098534, 3670.8703611665364, 3672.9362323070904, 3697.1534512252024, 3716.2284406609983, 3698.1499807682235, 3688.036007958117, 3693.9341953182743, 3706.023389976411, 3740.4935854695095, 3735.244950319156, 3680.0543830835245, 3668.361980795177, 3684.077830153493, 3689.404732307139, 3719.7516564475854, 3672.018118749603, 3677.7540548955385, 3707.1832192975107, 3742.931931080716, 3700.3905401865622, 3540.428896195624, 3468.9347009680982]

Mean of Formants:
-----------------------
F1: 445.6315908644403
F2: 1363.7506835647057
F3: 2566.7977794255426
F4: 3556.5632277491704
-----------------------------------------------------------------------------------------
MFCC: 
-------
  Object type: MFCC
Object name: untitled
Date: Wed Feb 26 02:20:51 2020

Time domain:0 to 9.733020833333333 seconds
Number of frames: 1941
Time step: 0.005 seconds
First frame at: 0.016510416666666358 seconds
Maximum number of coefficients possible: 38
Maximum number of coefficients used: 12
Minimum frequency: 0 mel
Maximum frequency: 4000 mel

-----------------------------------------------------------------------------------------
Formants: 
-----------------------------------------------------------------------------------------
Object:  Object type: Formant
Object name: untitled
Date: Wed Feb 26 02:20:51 2020

Time domain:
   Start time: 0 seconds
   End time: 9.733020833333333 seconds
   Total duration: 9.733020833333333 seconds
Time sampling:
   Number of frames: 3874
   Time step: 0.0025 seconds
   First frame centred at: 0.025260416666665897 seconds


Matrix:  Object type: Matrix
Object name: untitled
Date: Wed Feb 26 02:20:51 2020

xmin: 0
xmax: 9.733020833333333
Number of columns: 3874
dx: 0.0025 (-> sampling rate 400 )
x1: 0.025260416666665897
ymin: 1
ymax: 1
Number of rows: 1
dy: 1 (-> sampling rate 1 )
y1: 1
Minimum value: 66.38885540531179
Maximum value: 1837.6991368794966


Quantile of Bandwidth : 290.82195947056175
Mean : 696.2931489113992
Standard Deviation: 217.08118582238376
-----------------------------------------------------------------------------------------
