-----------------------------------------------------------------------------------------
Pitch: Object type: Pitch
Object name: <no name>
Date: Thu Mar 12 13:16:15 2020

Time domain:
   Start time: 0 seconds
   End time: 3.3913125 seconds
   Total duration: 3.3913125 seconds
Time sampling:
   Number of frames: 336 (93 voiced)
   Time step: 0.01 seconds
   First frame centred at: 0.020656249999999928 seconds
Ceiling at: 600 Hz

Estimated quantiles:
   10% = 183.681085 Hz = 158.485892 Mel = 10.5264368 semitones above 100 Hz = 5.0136978 ERB
   16% = 194.40533 Hz = 166.467074 Mel = 11.5088133 semitones above 100 Hz = 5.24473142 ERB
   50% = 245.937563 Hz = 203.281356 Mel = 15.5795052 semitones above 100 Hz = 6.28858089 ERB
   84% = 281.978088 Hz = 227.638304 Mel = 17.9469967 semitones above 100 Hz = 6.96083233 ERB
   90% = 289.627084 Hz = 232.671762 Mel = 18.4103582 semitones above 100 Hz = 7.09804754 ERB

Estimated spreading:
   84%-median = 36.24 Hz = 24.49 Mel = 2.38 semitones = 0.6759 ERB
   median-16% = 51.81 Hz = 37.01 Mel = 4.093 semitones = 1.05 ERB
   90%-10% = 106.5 Hz = 74.59 Mel = 7.927 semitones = 2.096 ERB

Minimum 170.576924 Hz = 148.573643 Mel = 9.24506991 semitones above 100 Hz = 4.72427865 ERB
Maximum 294.988091 Hz = 236.17234 Mel = 18.7278805 semitones above 100 Hz = 7.19314131 ERB
Range 124.4 Hz = 87.5986971 Mel = 9.483 semitones = 2.469 ERB
Average: 238.820248 Hz = 197.718348 Mel = 14.8503283 semitones above 100 Hz = 6.12448847 ERB
Standard deviation: 37.61 Hz = 26.36 Mel = 2.808 semitones = 0.741 ERB

Mean absolute slope: 224.5 Hz/s = 158.3 Mel/s = 17.11 semitones/s = 4.461 ERB/s
Mean absolute slope without octave jumps: 17.11 semitones/s

-----------------------------------------------------------------------------------------
Jitter:

localJitter: 0.021527966654277194
localabsoluteJitter: 8.996451991457348e-05
rapJitter: 0.009846532493647234
ppq5Jitter: 0.010828300303168373
ddpJitter: 0.029539597480941704
-----------------------------------------------------------------------------------------
Shimmer:

localShimmer: 0.05873637946642917
localdbShimmer: 0.6672777201175567
apq3Shimmer: 0.024490903971303067
aqpq5Shimmer: 0.026727789149866336
apq11Shimmer: 0.04029456410436078
ddaShimmer: 0.0734727119139092
-----------------------------------------------------------------------------------------
Harmonicity (auto-correlation):  Object type: Harmonicity
Object name: untitled
Date: Thu Mar 12 13:16:15 2020

Time domain:
   Start time: 0 seconds
   End time: 3.3913125 seconds
   Total duration: 3.3913125 seconds
Time sampling:
   Number of frames: 328 (85 sounding)
   Time step: 0.01 seconds
   First frame centred at: 0.06065624999999974 seconds
Periodicity-to-noise ratios of sounding frames:
   Median 17.8976385 dB
   10 % = 8.34552462 dB   90 %% = 23.4875382 dB
   16 % = 10.0717908 dB   84 %% = 22.8060574 dB
   25 % = 13.1518744 dB   75 %% = 20.8892465 dB
Minimum: 3.56434956 dB
Maximum: 26.6196214 dB
Average: 16.7650857 dB
Standard deviation: 5.76762597 dB

-----------------------------------------------------------------------------------------
Harmonicity (cross-correlation):  Object type: Harmonicity
Object name: untitled
Date: Thu Mar 12 13:16:15 2020

Time domain:
   Start time: 0 seconds
   End time: 3.3913125 seconds
   Total duration: 3.3913125 seconds
Time sampling:
   Number of frames: 337 (87 sounding)
   Time step: 0.01 seconds
   First frame centred at: 0.015656249999999813 seconds
Periodicity-to-noise ratios of sounding frames:
   Median 20.8015477 dB
   10 % = 12.5704421 dB   90 %% = 28.1004693 dB
   16 % = 14.4366712 dB   84 %% = 27.3163086 dB
   25 % = 16.979995 dB   75 %% = 25.0928231 dB
Minimum: -10.5113893 dB
Maximum: 33.1231448 dB
Average: 20.2067109 dB
Standard deviation: 7.08847076 dB

-----------------------------------------------------------------------------------------
HNR: 20.20671091245902
-----------------------------------------------------------------------------------------
Glottal features and glottal based spectral features [formants]:
 F1 : 
---------
[371.75502076811944, 323.3129776981555, 306.697664887591, 309.3376115449769, 297.468846625839, 295.6334701051057, 295.59045534362247, 292.0786284152655, 288.92548358162617, 289.10099597610827, 295.83489838701183, 307.77875247336885, 307.4715743213882, 295.2215715466305, 292.8031370637616, 292.24787332828316, 293.6913728001937, 303.16792184832315, 311.7796046380044, 313.8459368155809, 314.6332922186714, 316.3722727752165, 318.4626632567896, 322.3824495400853, 331.69088468377834, 343.8723966113029, 350.08617762355277, 348.42909958318944, 345.4387789198725, 342.5909555528253, 340.9768685375432, 343.28644679222356, 351.91547907339117, 362.27656373652445, 363.80128181607506, 357.6346408527825, 353.8553045080605, 358.53018650884457, 366.5499930396143, 367.1882889137528, 363.69036254181316, 365.84378129225934, 371.58650295887634, 375.38247908020793, 376.46208866435785, 375.9705586771614, 374.84298503699813, 374.16886512654264, 372.4136798934055, 369.3968847121128, 367.25507119143845, 366.42116799338817, 365.49293616259786, 365.3274032656746, 364.00644451996027, 361.50449806655405, 359.096090467565, 357.3393086165516, 356.1485674958291, 355.49032943945167, 354.6279799501234, 355.2682990515386, 357.41543137351977, 358.8808077115772, 357.94270978671847, 357.39579000689145, 357.80336520117066, 357.4202101329008, 357.2346322291239, 359.103128079158, 365.09014822741744, 373.23697669728523, 379.81384647624475, 387.8098413018395, 399.38287683097747, 408.83420166774977, 409.44737786495375, 399.4164374841583, 380.10936894462895, 363.5518283876392, 351.2002909445636, 345.84100024698057, 346.9788533466946, 348.6679108684029, 347.51326194045305, 350.5368016307456, 342.4681701679835, 323.452545960147, 290.9503387797863, 273.7189874963089, 280.6674630023458, 313.9115129530984, 317.94899762035516, 302.45682440861106, 288.30061068313427, 1143.5439067494565, 301.4276683686996, 288.3826801523957, 291.5863980446719, 296.79491543523125, 302.3632299861658, 310.0548420617078, 314.8340930632715, 323.38503383053, 334.43483201714434, 331.6700895068202, 326.64448412257684, 326.2999603710573, 327.40483562455506, 331.77925088444334, 333.6012274667725, 328.7270724117383, 320.0521957362943, 318.5647914661457, 323.5076443473368, 328.9423850330131, 333.6512229398262, 341.1688831044052, 353.6616728733581, 363.72531275554536, 370.1268413915071, 375.0859880791556, 377.3981862579281, 376.9011671202103, 375.9504753561972, 374.8569080748257, 373.04303634167695, 371.3548610906997, 371.6808676097645, 373.1924493812339, 373.224890457981, 369.7487867908069, 362.04408176935056, 354.9863554163549, 351.02503222908416, 347.84997967148604, 346.3427271186404, 346.7547822496846, 346.5053233476295, 343.8750217105185, 341.9430563739493, 342.88186131979506, 346.1893985542447, 348.1021182859576, 348.57532382548766, 348.81130300608146, 349.8418728264557, 350.61432112357846, 349.27414470796276, 346.87482804244104, 342.92830242413413, 333.9220871521012, 321.1213952909686, 317.5692276495499, 326.77739608121635, 344.8671074170444, 358.02167140361473, 363.1875080554425, 367.61934849622355, 367.4972707625357, 365.3103245797611, 365.219854210547, 366.20963388809605, 359.8632147265357, 354.75063481380596, 359.4237414817139, 346.79787374965, 320.3537540183497, 281.36124431260595, 271.9653683466211, 266.48156711976435, 270.2299909977772, 268.6121787930555, 270.96554305340675, 298.25889850832806, 279.32374331575676, 257.47481449009626, 339.27038655375884, 374.45928414282724, 413.01821319940336, 420.0149959077196, 410.88606736987714, 407.1475893039685, 405.53974940771445, 404.64874163628866, 406.7295170704433, 411.715099508518, 414.8724753474887, 413.2809054456035, 412.4204434334039, 413.3017691559659, 413.70118177761793, 413.75532717798166, 413.41369371029504, 410.76962526385466, 406.3482822387534, 403.3159138010166, 403.44380012385363, 402.9194444741548, 401.6638031545518, 400.55538770332686, 398.7156958938608, 396.66311253264286, 394.4787375213119, 392.0389111253224, 389.56325770992356, 388.0097476545912, 385.3465412448168, 380.94761261688706, 379.0120633894547, 379.09358081951854, 380.7920675818197, 378.96942692584963, 369.97770369103, 358.1084654890839, 351.3435499432296, 355.4775095909286, 356.011174757753, 350.06416115548853, 347.9043981879872, 352.7353498114892, 362.35994134495087, 407.1746587408229]

F2 : 
---------
[1546.1133996793149, 1797.756597957649, 2189.8097733518052, 2298.7748795326925, 1230.0701362970817, 551.8094178979823, 2388.2452920352407, 2430.115741734475, 830.8383884798137, 1000.5200649007719, 735.4787977146227, 1899.3031793257987, 2420.2725717347066, 2296.4284242785275, 2016.6816803023853, 2093.0569643844915, 2328.3016643514716, 2228.86320249638, 2180.6459269304582, 2178.2291685655237, 2170.2651359848674, 2021.9358388250498, 1784.3073368215744, 1761.8983442169365, 1814.884488967831, 1842.7357190441164, 1841.8805296643268, 1812.7578132689566, 1721.3310881861566, 1571.387898132946, 1492.0959285938638, 1466.942840490437, 1460.7049101008597, 1446.9100538318676, 1413.4732365109412, 1409.893527449748, 1413.6637798747024, 1406.3672577515697, 1393.7504629919463, 1398.7674903547652, 1419.68841109258, 1427.9903669048626, 1421.0246109222355, 1400.9847508927016, 1368.6563361675455, 1319.064549124554, 1268.3728442703411, 1229.3281167239472, 1200.3101440856321, 1181.116381934494, 1167.723339852634, 1159.529119985617, 1154.1920954711024, 1142.2282460242054, 1128.8649521875486, 1121.1726252471026, 1117.5902432515616, 1113.1279760754285, 1108.8436643961838, 1106.6357098895153, 1105.108178600891, 1101.387207278704, 1096.4135234184068, 1089.8085215109213, 1080.547753388262, 1068.4359441559584, 1050.705429669265, 1030.704173923363, 1017.3097093570666, 1006.3272820206946, 992.5564332271185, 983.2756024005226, 971.1711773418035, 956.7547601501383, 941.835332813583, 916.9725683164606, 908.6248042569495, 924.4015081830798, 899.5778428061391, 911.6431775842229, 905.6249059778553, 898.6822689756366, 890.1956823771369, 878.1560333005713, 879.8728706223982, 884.4312187455074, 906.2862451724146, 1128.8307061655385, 1279.471055473167, 1436.5467134328708, 1436.0906264991795, 1389.5206572429488, 1381.6108878488533, 1357.2759237084176, 1334.3963693181554, 2544.393736363393, 1385.427839726865, 1457.5887073920205, 1490.651096146695, 1539.4750777090323, 1532.3099451917763, 1066.2558739744193, 745.7584499680063, 1214.2233452136682, 2355.7151841566974, 2327.32544890849, 2291.099308287958, 2287.0016423557386, 2292.9916192436826, 2301.5964278814236, 1841.9632955198344, 1256.8297135865025, 1416.9223926536622, 1372.9447866141402, 1325.5459298798992, 1315.0676764271295, 1407.6494571974758, 1509.6105515439501, 1537.7103135494222, 1523.8891306886087, 1470.8036763147343, 1369.0626757390708, 1243.7283385927087, 1194.3710121341023, 1209.0692602616214, 1219.8527572845978, 1238.9811035963792, 1264.05899239872, 1273.3198485405248, 1264.107327007028, 1234.1421837537291, 1184.7958569384975, 1125.8913550333018, 1078.1486864527133, 1054.276816414745, 1047.3516860762388, 1044.3228522008428, 1041.28805549815, 1038.6255880635847, 1036.8460659216967, 1040.640556788017, 1045.2965271830915, 1045.266954061399, 1039.5594285150864, 1034.247142508603, 1029.8715684663432, 1022.4290381555969, 1012.850568253796, 1003.6729678598579, 995.7287792243392, 988.6637315792475, 982.9963656706857, 982.3052941121882, 986.5433422545581, 975.3873908905068, 942.4011769276061, 929.1968012408457, 917.9905897023137, 876.305982334486, 845.5682022735431, 869.296403369792, 907.8206977274857, 907.1833557160796, 938.4277247570474, 899.6086672808245, 914.5344686986763, 999.6685626738065, 1052.8373590926462, 1177.3964976078764, 1392.3013470808353, 1552.1769012839502, 1445.0326521493039, 1315.356421128251, 1253.99045892158, 1412.9730186357783, 1414.1462524773194, 1279.1717233128236, 995.7507932714391, 1730.3226459418574, 2358.389823990522, 2516.2715977685043, 2079.184614067495, 1684.4113087333023, 1547.395341795688, 1241.4993313569742, 1157.6038650190226, 1011.2648402050237, 964.4896992714987, 1153.5070903540332, 1301.0674264534832, 1462.2805153722534, 1515.172234537382, 1529.0979014522409, 1527.522640332585, 1487.0736042668825, 1447.4621807900542, 1410.8214223461712, 1402.801279884042, 1391.940977211372, 1371.5802336335494, 1338.3453869318002, 1290.2769488556905, 1253.3365625736637, 1224.7712367265665, 1202.0283026475365, 1183.0672838087146, 1168.3260780803619, 1141.040939262072, 1080.4197307862307, 1054.0872610893775, 1072.9612952354018, 1092.244239451455, 1072.7267352022973, 1007.7907419882378, 940.1814531525952, 897.2415870181451, 902.0937604437017, 908.0614800793319, 895.6718327837199, 882.3946404555018, 952.2442477111014, 1461.6745261761457, 1487.3174551530944]

F3 : 
---------
[2722.099306751815, 2595.3574860699728, 2746.667055340232, 2723.7731154343182, 2652.233551281429, 2492.03192375939, 2798.143784394708, 2745.7281644941904, 2413.6597025724504, 2721.8070098257663, 2628.7230465783796, 2946.3330922045398, 3078.1155384943922, 2533.8456312562625, 2444.8972649742495, 2446.5045901349986, 2520.969013021696, 2767.423941386043, 2791.2027037529615, 2795.6299090060074, 2781.133287248232, 2691.856230297411, 2683.5457200867363, 2734.3008605266778, 2755.818560390905, 2743.8910701738782, 2711.8107510260584, 2667.919870691979, 2634.513916604291, 2637.975139399965, 2651.0094167836255, 2652.3989194824176, 2658.6132145168326, 2676.9789258622227, 2699.875875315238, 2731.7561389725574, 2748.205044675968, 2744.129599814657, 2721.3643206791603, 2687.1762117654393, 2706.078414962436, 2746.3221120086628, 2796.1916416135837, 2840.4453641288023, 2863.7521639831757, 2878.9493985799204, 2875.254741677824, 2850.1831580919284, 2804.8222978343124, 2757.5998083807926, 2698.1206334424623, 2667.944895517038, 2695.4956994822523, 2737.945032053372, 2758.513722472323, 2777.5143345375714, 2806.2986279318966, 2832.703182330958, 2846.4627432769457, 2850.2213518743606, 2848.6101402788495, 2843.4350387438717, 2835.774040878135, 2824.1657412038253, 2810.6986664021797, 2797.6819546584816, 2795.4069680210773, 2815.2089623300435, 2841.6649303685504, 2856.1542648136606, 2852.3309648823847, 2837.2123419938334, 2825.5493412831365, 2833.859647665599, 2853.3510465273994, 2860.923510429068, 2874.702161024679, 2735.7081812777124, 2476.1711525714827, 2889.5581554538007, 2912.0660708628507, 2942.614266712001, 2901.9718687736263, 2832.0260812967904, 2794.9865951182774, 2819.75817201592, 2759.656912992237, 2339.5521471116067, 2649.464498754381, 2889.4419469597387, 2666.570117408259, 2651.7577668840677, 2690.984319007479, 2444.7044291325296, 2389.6046950969517, 2975.4458030310475, 2683.243443382036, 2684.5757040971516, 2685.853543926721, 2632.31196582504, 2467.357262381879, 2372.421349183586, 2365.3936346964265, 2471.2550358792464, 2890.0051552353116, 2894.901112554014, 2939.8732861091826, 2936.050641907135, 2899.3100663738282, 2871.8853563386065, 2694.226699176722, 2408.635779814056, 2537.741320250044, 2626.597544992179, 2650.870541028733, 2662.8844560085413, 2679.736837593017, 2689.7914250819704, 2692.4939225307935, 2692.9085781834924, 2688.31944673134, 2679.8775711296616, 2675.3694380318675, 2676.828931824892, 2681.027452375459, 2688.3841077912416, 2698.9198356093034, 2711.7637879893236, 2723.913551085824, 2733.472679586525, 2738.836068166129, 2744.0691372915708, 2745.786514801899, 2738.8807265208766, 2727.8663646580544, 2718.9049742199218, 2715.9140927349686, 2717.3904659070827, 2715.6600281140577, 2706.9198229336594, 2716.1031421806815, 2744.8946702531807, 2768.135059259863, 2801.2357757117206, 2839.969703073631, 2849.816806718164, 2839.0365799136857, 2826.0082903911634, 2812.748670707969, 2800.0971269797246, 2784.5446430569764, 2767.962882057945, 2814.0568486750753, 2867.8973667793252, 2881.7855062360836, 2867.245111883992, 2858.8103636607793, 2694.1620480253528, 2261.5341938053934, 2825.862776950954, 2787.433054176544, 2545.103269541601, 2180.812211907998, 1994.486124071483, 2142.1035267665975, 2645.9589384660794, 2585.064653483152, 2527.786820865925, 2642.7989182833576, 2578.892413399661, 2637.0462419091136, 2564.460231664817, 2470.6185289103905, 2469.4734527804953, 2728.2019056900267, 2816.042354381733, 2643.6690904241937, 2365.296183626734, 2693.688329675647, 2802.1361078050586, 2693.6284667727414, 2680.779512114291, 2706.4160957035187, 2716.4576670814567, 2619.207269533093, 2651.9082752118857, 2583.202741534029, 2540.5283194094945, 2568.1604412614547, 2591.8507122836645, 2664.2914336514796, 2734.3980283586225, 2734.0128294795986, 2684.136637482277, 2674.765477270664, 2688.1411851847497, 2693.6696998564316, 2705.081780054303, 2298.201054210604, 2061.2793570849035, 2124.861617773984, 2240.4269094995498, 2783.6646415374694, 2777.7804605480464, 2773.7600262923543, 2781.9661866891615, 2788.0002221141663, 2784.4700011683967, 2781.3782932866125, 2780.5856271838984, 2752.450401980794, 2861.2871913639406, 2866.4638517234375, 2849.3711866986714, 2836.304147775484, 2850.624802807685, 2889.960574119834, 2884.525786343452, 2871.250031484646, 2677.234865227821, 2207.1792498464106, 2607.6841351325315, 2517.6094886441715]

F4 : 
---------
[3564.790195208635, 2909.057242377107, 4347.026634293142, 4306.063083801732, 3570.306454657501, 3155.3955888572823, 4169.444966890887, 4273.584419169867, 2748.995967861656, 2924.34730093876, 3105.712306154758, 3949.5528890391915, 4273.573662287144, 4266.624392204602, 4191.808336616816, 3973.0315155748463, 4298.268645310988, 4296.093048850135, 4329.374966076947, 4374.218480645439, 4385.013581235473, 2953.8957365004694, 3259.0089346030454, 3347.7764489795263, 4357.29949765541, 4340.588903598437, 4325.974129025231, 4340.8437115307825, 4366.891075683365, 3918.680504241646, 3962.0589731774285, 4079.9587286463598, 4276.26667364812, 4300.99122194113, 3780.0892999433836, 4040.586236512432, 4284.601741336335, 4279.50411546635, 4195.963372117822, 4019.890840569272, 4321.083078676954, 4295.210475416759, 4270.570968324913, 4257.42266490198, 4266.636932594861, 4276.458616604927, 4284.834027508326, 4117.10219167305, 3857.9500642937405, 3834.4372964149893, 3814.562236497626, 3802.154665559105, 3802.2161439899933, 3782.5589729298736, 3748.162716119849, 3732.445080165923, 3753.9921646896855, 3811.0479205224924, 3836.8559222579393, 3818.4869863201093, 3801.832294827093, 3820.596329268977, 4034.212422292568, 4292.879740156106, 4287.435957178593, 4309.083138924916, 4206.687728229031, 3817.9025287993845, 3987.991560468815, 4211.130694788953, 4254.626942808585, 4331.351173308239, 4343.263818347496, 4313.32448069248, 4312.595915992439, 4321.5843846347625, 4287.364496624443, 4015.2661423414, 2910.4606496190368, 4376.435592930403, 3366.8443575309425, 3129.6550167360274, 3068.8433064420674, 3132.0591492526237, 3132.423087677993, 3017.251900667025, 2867.7734225742547, 2883.1607513992913, 2906.9677245533617, 4606.1877387512395, 2876.9154611058066, 2899.969162709598, 3551.1289351984915, 3755.698244610204, 3660.4521072086745, 4210.2542106936535, 3035.3374944028906, 2945.858633111917, 2890.053062323356, 2910.8583136038023, 2945.2685990599966, 2963.170172781012, 3019.203886947133, 3262.018946946287, 4302.235364817449, 4305.538043856041, 4324.402172520438, 4366.3345094188535, 4377.198936838647, 4331.743521375318, 3801.3731836852594, 3040.8076964073653, 3190.7653311393146, 3330.295631579817, 3363.3961126413933, 3425.9636341615064, 3884.404040884128, 4278.297651177678, 4340.164340760528, 4350.700776809596, 3855.26348770283, 3666.505071877903, 3629.4517514216113, 3619.8735076187922, 3593.6511840691487, 3593.9499360274253, 3669.506319034711, 3860.3269836612585, 4321.791224607256, 4389.587071668475, 4407.854085822887, 4403.557158144759, 4394.268969054154, 3960.3168095527717, 3733.5706323330805, 3757.2024698963105, 3882.786482205562, 4118.324806394793, 4141.814403797441, 3855.5555632699343, 3827.5548588118036, 4293.599725397012, 4433.11817739759, 4383.586989885383, 4323.915928064835, 4301.092364370073, 4266.228999971924, 4233.480254210686, 4270.960876384175, 4283.027166559828, 4245.470021739934, 4025.3499760453374, 3632.4118321655596, 4372.252835377764, 4376.942621593383, 4332.333813704508, 4317.36172924255, 4032.046319074679, 2876.6282889656136, 2959.218207862909, 2916.4185030674357, 2900.5813641098916, 2925.880813775864, 2937.9305836913845, 2919.5326051640022, 2885.5622231601333, 2915.0923720636483, 2936.3028723091334, 2971.2627137182376, 3088.500353047704, 3368.8136279879955, 4006.410821756468, 3513.095184460662, 3677.215723175838, 3698.1741135064663, 3775.5124542017816, 3436.250683511491, 3032.1418024546792, 3740.80490094484, 4232.617622052988, 4189.231069758992, 3968.9939616314873, 3839.0152542141623, 3554.197474058984, 2975.01617709207, 2981.0832666959845, 3068.7933385944884, 3369.414148854135, 4004.2307783073215, 4141.431038133219, 4104.722274842291, 4151.741716124387, 4215.480437115011, 4220.99123065758, 4233.626154715763, 4281.585433562297, 4254.378834943094, 4199.897756490689, 3276.5165961163716, 2762.34179707395, 2775.9240330395123, 2780.7470590744347, 4045.0129818999108, 3932.512899507852, 3953.2290103388054, 4039.2173373250994, 4119.997041978119, 4221.81002266206, 4268.155513909903, 4300.996082547706, 2889.9214797024806, 4286.908010288293, 4183.776255813568, 4175.302671788441, 4207.4548485084315, 3349.0022793107746, 3069.5589766035046, 2986.730094398852, 3012.5639988981097, 2895.545780177687, 2915.1277113028027, 3315.732033342758, 3505.0984306837454]

Mean of Formants:
-----------------------
F1: 354.0597055292858
F2: 1323.2346082276522
F3: 2702.7774771218906
F4: 3790.8394489260972
-----------------------------------------------------------------------------------------
MFCC: 
-------
  Object type: MFCC
Object name: untitled
Date: Thu Mar 12 13:16:15 2020

Time domain:0 to 3.3913125 seconds
Number of frames: 673
Time step: 0.005 seconds
First frame at: 0.015656249999999757 seconds
Maximum number of coefficients possible: 38
Maximum number of coefficients used: 12
Minimum frequency: 0 mel
Maximum frequency: 4000 mel

-----------------------------------------------------------------------------------------
Formants: 
-----------------------------------------------------------------------------------------
Object:  Object type: Formant
Object name: untitled
Date: Thu Mar 12 13:16:15 2020

Time domain:
   Start time: 0 seconds
   End time: 3.3913125 seconds
   Total duration: 3.3913125 seconds
Time sampling:
   Number of frames: 1337
   Time step: 0.0025 seconds
   First frame centred at: 0.025656250000000158 seconds


Matrix:  Object type: Matrix
Object name: untitled
Date: Thu Mar 12 13:16:15 2020

xmin: 0
xmax: 3.3913125
Number of columns: 1337
dx: 0.0025 (-> sampling rate 400 )
x1: 0.025656250000000158
ymin: 1
ymax: 1
Number of rows: 1
dy: 1 (-> sampling rate 1 )
y1: 1
Minimum value: 72.68445546130957
Maximum value: 1449.7236847219676


Quantile of Bandwidth : 126.98244665049221
Mean : 765.6897511056019
Standard Deviation: 300.3987563237891
-----------------------------------------------------------------------------------------
