-----------------------------------------------------------------------------------------
Pitch: Object type: Pitch
Object name: <no name>
Date: Thu Mar 12 13:15:20 2020

Time domain:
   Start time: 0 seconds
   End time: 6.770291666666667 seconds
   Total duration: 6.770291666666667 seconds
Time sampling:
   Number of frames: 674 (167 voiced)
   Time step: 0.01 seconds
   First frame centred at: 0.02014583333333297 seconds
Ceiling at: 600 Hz

Estimated quantiles:
   10% = 187.843541 Hz = 161.597436 Mel = 10.9143781 semitones above 100 Hz = 5.103978 ERB
   16% = 192.897953 Hz = 165.352227 Mel = 11.374054 semitones above 100 Hz = 5.212565 ERB
   50% = 211.425892 Hz = 178.901014 Mel = 12.9618248 semitones above 100 Hz = 5.6012156 ERB
   84% = 229.15803 Hz = 191.562585 Mel = 14.3561141 semitones above 100 Hz = 5.96006115 ERB
   90% = 237.313535 Hz = 197.289556 Mel = 14.9615326 semitones above 100 Hz = 6.12103396 ERB

Estimated spreading:
   84%-median = 17.79 Hz = 12.7 Mel = 1.398 semitones = 0.3599 ERB
   median-16% = 18.58 Hz = 13.59 Mel = 1.593 semitones = 0.3898 ERB
   90%-10% = 49.62 Hz = 35.8 Mel = 4.059 semitones = 1.02 ERB

Minimum 169.745838 Hz = 147.938928 Mel = 9.16051447 semitones above 100 Hz = 4.70565041 ERB
Maximum 568.986064 Hz = 390.642987 Mel = 30.1007198 semitones above 100 Hz = 11.1518002 ERB
Range 399.2 Hz = 242.704058 Mel = 20.94 semitones = 6.446 ERB
Average: 217.276814 Hz = 182.185193 Mel = 13.1713168 semitones above 100 Hz = 5.68436318 ERB
Standard deviation: 49.63 Hz = 30.41 Mel = 2.686 semitones = 0.8114 ERB

Mean absolute slope: 242.3 Hz/s = 159.2 Mel/s = 15.84 semitones/s = 4.376 ERB/s
Mean absolute slope without octave jumps: 11.14 semitones/s

-----------------------------------------------------------------------------------------
Jitter:

localJitter: 0.02185928683631067
localabsoluteJitter: 0.00010136884820736807
rapJitter: 0.009769083205904737
ppq5Jitter: 0.010841750052597193
ddpJitter: 0.029307249617714214
-----------------------------------------------------------------------------------------
Shimmer:

localShimmer: 0.08030444743877402
localdbShimmer: 0.8682442603392833
apq3Shimmer: 0.034715511416415566
aqpq5Shimmer: 0.043063715093403405
apq11Shimmer: 0.06778766786795824
ddaShimmer: 0.10414653424924669
-----------------------------------------------------------------------------------------
Harmonicity (auto-correlation):  Object type: Harmonicity
Object name: untitled
Date: Thu Mar 12 13:15:20 2020

Time domain:
   Start time: 0 seconds
   End time: 6.770291666666667 seconds
   Total duration: 6.770291666666667 seconds
Time sampling:
   Number of frames: 666 (146 sounding)
   Time step: 0.01 seconds
   First frame centred at: 0.060145833333333 seconds
Periodicity-to-noise ratios of sounding frames:
   Median 13.9587724 dB
   10 % = 8.66180384 dB   90 %% = 19.1403299 dB
   16 % = 9.7698173 dB   84 %% = 17.9475444 dB
   25 % = 12.1011755 dB   75 %% = 16.3079969 dB
Minimum: 3.68842059 dB
Maximum: 21.300598 dB
Average: 13.9073058 dB
Standard deviation: 3.8311598 dB

-----------------------------------------------------------------------------------------
Harmonicity (cross-correlation):  Object type: Harmonicity
Object name: untitled
Date: Thu Mar 12 13:15:20 2020

Time domain:
   Start time: 0 seconds
   End time: 6.770291666666667 seconds
   Total duration: 6.770291666666667 seconds
Time sampling:
   Number of frames: 675 (147 sounding)
   Time step: 0.01 seconds
   First frame centred at: 0.015145833333333077 seconds
Periodicity-to-noise ratios of sounding frames:
   Median 16.8493074 dB
   10 % = 10.5554453 dB   90 %% = 21.7330997 dB
   16 % = 12.3511292 dB   84 %% = 21.1135958 dB
   25 % = 13.7733164 dB   75 %% = 19.5625556 dB
Minimum: -2.44257436 dB
Maximum: 25.6001809 dB
Average: 16.3626354 dB
Standard deviation: 4.78340039 dB

-----------------------------------------------------------------------------------------
HNR: 16.36263540689159
-----------------------------------------------------------------------------------------
Glottal features and glottal based spectral features [formants]:
 F1 : 
---------
[594.6511912044178, 468.28328085153856, 398.87612578141784, 412.98183177380383, 442.9688056824357, 452.25545413126963, 439.41547884212554, 447.08954850584473, 454.31608264300337, 465.4790116399897, 507.7609392443986, 533.3137066106964, 540.0430735239497, 546.1834743307206, 556.1783482136321, 560.4504644048843, 559.4181891675149, 555.9148461617469, 525.6178026882106, 504.1143563839627, 466.6227436897874, 402.39692422919376, 395.2453101493619, 495.1991306938389, 434.0135314379709, 434.12463318737525, 528.859428953704, 511.6472742760515, 566.8782086595552, 562.5428160730288, 511.32090122650266, 555.4479588361495, 597.1679418698066, 579.845001036198, 579.8789557400694, 571.4695586427514, 541.9141037765819, 519.314130126751, 494.17196821696507, 471.172211558091, 471.7127144603789, 447.3065483735948, 428.9273804541799, 401.9505254056278, 424.5461390281322, 426.2210749745853, 384.73531842580644, 334.7816109796347, 277.7143307321435, 246.840800860817, 240.347604278056, 243.7466574188003, 254.7342275657762, 253.22612429772732, 249.0867116478604, 235.7109455321595, 224.77401713326446, 224.0606622603818, 222.7815073686821, 217.10144814906377, 1184.3609580772654, 836.0283562062563, 197.07915228599055, 204.48401407570123, 223.12358234388805, 229.2672690361944, 236.41261145383882, 247.46795294766633, 270.8293630102321, 287.9475913266006, 275.6359370177572, 260.2684210684862, 262.7547801451662, 272.7850781344588, 293.5623585154537, 329.11476488090517, 375.30610554278735, 455.0779107987429, 558.146012770029, 521.5593988103377, 497.1262976968782, 516.113324973417, 531.3928598760702, 543.1993570493069, 547.9754090587453, 558.8077677214648, 575.2340347762265, 581.8795345663262, 591.3401242933552, 594.6686644340717, 592.2554800766902, 589.5409557924083, 590.6841555962037, 595.4230610250315, 605.3313517230068, 607.5877288850098, 599.5398301091444, 599.733660906268, 602.0379883206064, 604.9420001851286, 611.6385653895268, 612.042690168083, 612.068596963404, 611.0588961999903, 614.9298464788011, 612.9321130816994, 606.4645364723773, 591.3243364566956, 581.1826646623864, 574.2423464800979, 555.6319826524203, 530.9479971296505, 485.45310174983103, 429.03226644618155, 398.99228180123754, 394.5876777498534, 362.17565767966084, 294.9575628869186, 275.12070856277813, 268.31510192312396, 247.2252308970151, 249.84169456708605, 264.4548595456895, 283.4339911727783, 290.50325431703374, 279.31260568292157, 269.5575234911958, 258.9747937334994, 330.49051858878363, 120.0514561943599, 811.751761933028, 202.00758940670931, 242.6090381391495, 252.5498066099308, 265.9146819569223, 276.2657395706636, 297.37772949824966, 350.479341336361, 405.0735225394809, 409.9996755071321, 407.5485858668411, 408.2629472219804, 415.35331551144975, 418.3726353100508, 406.60102217928267, 406.3031455703387, 423.0322197870924, 426.9044595258872, 427.33852066454165, 445.4196194253375, 496.1543536560064, 509.8326855529962, 511.95458664607713, 522.9912815206009, 545.5257174320842, 548.137560878952, 534.2092812729989, 539.6631220161864, 551.2589336389825, 565.33547344917, 572.3443085544544, 579.6682378170158, 589.7273119147642, 595.9922527320639, 582.33375755867, 572.06471793004, 575.4433887677342, 583.6798901566505, 599.0657510505176, 620.0227637400892, 623.7739199843965, 618.6968092126883, 613.0789395787414, 617.5854527575488, 613.1090028390194, 606.0018814059775, 528.3662336569641, 587.8984186451361, 590.6092473980324, 598.0020493929436, 600.4813786243542, 444.8018861420762, 580.6469190825646, 574.1923236777013, 571.2647139662594, 575.1467354288869, 572.0772496066603, 557.7320614475437, 535.7733130498996, 509.05046800956063, 498.5962993790928, 478.3174805125636, 428.1764929195464, 375.0238894231241, 349.02114491681345, 334.9795910621694, 315.0690760155863, 298.4227992913768, 295.8265726296742, 300.82922655319317, 306.5302801219232, 313.728424933657, 331.92404462135414, 335.82118641822643, 277.1634918983408, 253.1224224938046, 246.33367335238788, 1091.5955702460576, 353.10168809651395, 625.727477465104, 648.2661437694547, 297.84782816628046, 258.68168741656694, 259.98774877327816, 275.38979424991743, 290.49955452006833, 308.5950764112321, 333.8147275521382, 353.7234650709726, 389.87796903956405, 414.51767975433523, 399.7116147794705, 388.87421623115273, 426.38011542269896, 466.3693133541435, 488.2859744351349, 518.2898296499264, 540.5864399002261, 551.2871221611243, 570.9335781042943, 585.8904250674819, 593.26324068611, 603.766749964863, 613.5493363853634, 627.9061058915986, 638.2360761585479, 645.752877359163, 642.4062778927545, 644.5187300500571, 647.4620636364788, 647.3449815814107, 637.489190004354, 613.2319482749874, 610.6168802920923, 635.933960396937, 626.627561386429, 575.6586466464493, 524.1356501044213, 528.6624383886807, 559.4045825109466, 593.3306991141781, 605.3819942918251, 639.883646887112, 660.578124234415, 631.7746134214441, 638.1322526191539, 664.1624185551883, 690.0665281583528, 691.5448781835688, 664.5951474719805, 655.8184657631615, 636.6620180633118, 602.9044085497127, 556.6265345966693, 523.165690073109, 537.0784316230089, 540.5615759468847, 523.1322210356875, 538.4820914098202, 542.0527881203836, 531.2652036041624, 492.405664123625, 433.0507034531443, 384.01127327078285, 352.97304749756614, 336.6211329869582, 312.961296207918, 286.38405419269054, 292.2612863089833, 291.3918628312407, 289.6822767534564, 310.47923305214545, 316.0923485196636, 296.754742811698, 278.32952179887855, 1133.3263685295085, 1153.7233992883625, 1188.996958930507, 1203.4656572726665, 1203.1091645442152, 602.9930398077064, 1212.1271663854097, 1162.9905768238934, 1126.4195082371157, 1113.318249515898, 1132.1179449559272, 1145.0461049539742, 1147.9853394354632, 1121.1929111200905, 1075.641778733006, 1017.1480690607652, 755.5247272853481, 603.5475788229018, 969.4714779456486, 185.78274538572543, 233.33201120852604, 274.6437143751716, 287.51362002320064, 289.57523173439995, 312.020861446388, 315.31437150168824, 302.38017374032313, 300.7151000468741, 318.3299346879682, 339.4791494200964, 342.37310272277836, 386.15629775324305, 452.7960128732559, 483.9662719088652, 484.8502496003286, 473.5647312414857, 452.5579776402687, 503.81800373328423, 550.5540716517913, 561.7593473698336, 532.7557256492555, 546.6364660233114, 602.5930027877307, 614.6639481736902, 615.6448384540521, 620.3017085743501, 619.9466224637114, 616.5592562669117, 618.0595481583374, 616.3389364301128, 615.2503573689294, 613.669741710749, 614.0103844280836, 618.519337061232, 620.3310454014368, 616.3835454871944, 618.3987449943487, 614.2198196578149, 600.4826333196121, 586.6796121036306, 559.3742285515231, 518.114617474227, 460.17705180808235, 406.43082483030145, 383.69909106822803, 364.73765920806085, 348.88610719772294, 361.9789145650377, 392.55996517808387, 437.27502150541267, 348.0786128086832, 300.152208585937, 271.71110289947944, 251.62616383348671, 253.04477506026745, 293.4149689647289, 351.7690199798771]

F2 : 
---------
[1182.6506872477523, 937.6264392362774, 906.4037759307234, 903.1657525756503, 937.3249283709779, 950.1342383191989, 951.1779886167291, 956.7811077561723, 968.0933269459567, 979.424047516562, 997.3791980073893, 1010.2790437101884, 1011.5655694492712, 1019.4283653555502, 1029.9589154303837, 1036.7298420636291, 1039.3588130429307, 1034.3131761128423, 984.5200478331997, 958.6767397576195, 983.142562861951, 1014.5169834138902, 1036.1111505289732, 1046.1842454833732, 1038.0564891978079, 1020.0046593862481, 761.9324288026703, 852.9115123559559, 900.9384694563169, 874.1156257010338, 937.4774780939126, 917.4409444362277, 1063.8344278395675, 1052.3971468151221, 1060.6489231603357, 1047.3474036996245, 1016.134152234207, 981.6981380862402, 986.8884102907545, 969.3768622780788, 979.7095451841077, 1001.3801483633436, 969.1927348754322, 929.8403969470256, 1006.5890476623242, 1286.5072035193118, 1361.0825855880064, 1247.9930322942957, 1127.8384435523403, 1162.4683379440357, 1245.9545095791343, 1234.281529043374, 1183.7124592866649, 1276.1238196799018, 1143.5263632219112, 1218.25554218596, 1327.0627190297516, 1321.0002547427341, 1313.9092605115657, 1335.507952599756, 2200.6460209495403, 1265.2223648377853, 1191.853006070199, 1183.7480270596488, 1169.7653826255423, 1089.1136028562914, 1089.7845542177047, 1115.8509622551355, 1057.1765125889588, 1002.13135112336, 1054.3508376626994, 1037.2165616320635, 1028.5313778550938, 1032.2059939596506, 1017.9301989897128, 1007.5476845218976, 1005.062734065722, 1057.9988608748306, 1104.7172706754914, 1092.2103210075522, 1061.8355144934767, 1054.9284176914327, 1054.2138410387295, 1055.8596541737543, 962.1326470886588, 1040.9528491142619, 1049.4656000280656, 1063.26627816945, 1078.4591593081277, 1070.3510845974072, 1061.0572844733822, 1053.3749990508315, 1053.0184930674004, 1059.563565363866, 1065.9434724387486, 1062.2612737749178, 1065.0060015301517, 1067.6102069577214, 1067.258850367063, 1067.4659135435675, 1068.3874583936692, 1065.8158262856666, 1066.0313672363613, 1066.915111021485, 1071.8171484329803, 1072.5795999707786, 1068.5204762301985, 1059.1247165807993, 1054.9563563255986, 1056.8501259610482, 1054.8791524447229, 1054.3743951353188, 1035.1081499237848, 1013.863514185488, 1028.5331750992575, 1084.6525664876372, 1127.7069718251291, 1023.7493136773262, 983.5868868232063, 994.4071650686207, 1010.6324440735515, 1043.4168835033056, 1130.7825519688788, 1189.5595210200502, 1165.4212416618725, 1104.5237274375993, 1038.2779613654402, 989.2663492970433, 1146.6631648952527, 1485.6576454442834, 2156.9491267160474, 1086.0869599374776, 1088.0925298509455, 1104.5819635034613, 1112.0053899428, 1072.366314095338, 1067.9770875814886, 1489.9059393439666, 1653.6809009735148, 1259.801811253676, 990.6596655020832, 897.4518833854637, 892.4073292787548, 921.7781293412132, 968.7513733498441, 982.0963591526881, 1025.576356262816, 1067.5221988812016, 1086.4973429899035, 1096.9643272596588, 1104.651906197014, 1105.0649149433466, 1103.056428751242, 1102.0590012898642, 1106.2217648530288, 1109.0994644220712, 1107.1424680860866, 1108.413075938138, 1109.680751123307, 1108.8243257455956, 1107.7587533545031, 1107.4584625465832, 1109.5215533329615, 1115.932821558811, 1123.0009803676405, 1126.4830664956437, 1127.2150390789716, 1128.0426014469024, 1133.2533198700935, 1140.812909860873, 1139.5138936691749, 1133.3823602590835, 1130.3847433804156, 1132.9348559448586, 1131.2411184282948, 1127.5380263791662, 633.0793503506461, 1105.3568081383337, 1113.0332483407383, 884.0645343320894, 1113.2644713919494, 609.1434275803566, 1095.5023357726527, 1088.2466212725124, 1081.7111669430838, 1078.2552919150462, 1072.1651788941997, 1062.2337371601586, 1048.5976218858325, 1027.1106421256127, 1018.799472143595, 1023.3540219058339, 1014.1420678860076, 1001.5623226301786, 1054.3004393822625, 1085.9232138370724, 1137.3269675340478, 1189.1055635028197, 1163.1010694700474, 1151.070595595721, 1126.0323622043538, 1100.698405126553, 1018.0397711933671, 914.111915423512, 901.040323613637, 1067.5772393667678, 1153.8801608086849, 2283.8121753132036, 1189.6061165181468, 2264.104675167781, 2224.516141017712, 1196.7945527257011, 962.6350191519539, 999.038052424249, 1015.352626355344, 1017.6307424387207, 973.0935223974958, 920.0552382541191, 890.9311854532243, 872.5718425562686, 827.0985155595093, 810.3648975175951, 880.6621214562407, 964.7487579968997, 995.7609391688532, 996.6822216009124, 1017.4991630049482, 1069.0388081136393, 1087.1312612443858, 1096.923596480862, 1106.50169991015, 1110.9964680606793, 1119.293192408027, 1126.713802589654, 1136.5356290020952, 1144.1094668755916, 1148.024605991527, 1147.322857973149, 1147.720956148234, 1154.7966322593388, 1166.1008991699787, 1171.9168877393954, 1172.2623591898068, 1173.671008342763, 1184.1615277774595, 1177.9411822763107, 1140.6433468162836, 1090.6234876474473, 1096.414105171142, 1101.429286548426, 1121.7397280563941, 1136.0678354583788, 1163.6968543689961, 1178.1248091395792, 1178.0584653772783, 1177.2929436919599, 1176.1570705446, 1176.8433823742691, 1175.0368347491674, 1162.5361155545154, 1156.884286683402, 1149.0839931940882, 1129.0054011891107, 1105.4504327217926, 1097.13904668839, 1042.0070831874798, 1016.0777471034885, 1079.5344828313616, 1151.4892157354984, 1185.2256162500425, 1234.9813811404977, 1259.5779281665111, 1242.4685161840496, 1254.296568603259, 1187.107061546772, 1130.7509760350981, 1108.7517641730947, 1008.3750324257323, 993.1651316558756, 1048.018019637553, 1110.2106844219963, 1103.0813846464416, 1001.504953153912, 972.2386000026456, 1251.1356489491336, 2735.5661412361283, 2802.0722554261674, 2841.9717555999064, 2857.9380298052056, 2863.8160641311583, 1847.5544582975313, 2765.1006450486957, 2757.2983721038813, 2764.5821791688863, 2805.2308974453986, 2812.485409356983, 2814.6784835967746, 2814.7011586550097, 2820.363973986937, 2829.754191209888, 2829.7207657106183, 2040.782660312956, 1791.3647409441153, 2834.5096393810995, 1027.698860570409, 944.9854650493039, 967.270932281684, 1018.021803794139, 1035.6410054754203, 1026.7359980330757, 1025.9785990762848, 1031.9669841538666, 1030.1675694850123, 1015.0393947879455, 995.797136594829, 1022.3326382298766, 1021.1144890776245, 1009.3441937060346, 1005.4044366094812, 998.2523399775838, 987.748432203957, 1007.897718597927, 1048.3375364447172, 1108.108868755906, 1122.6037571374532, 1117.9740502012942, 1117.3075981216844, 1121.5301055222, 1111.7564353627388, 1098.8333423566382, 1096.4691114744624, 1096.8862215132376, 1098.0832416198734, 1104.3577686444014, 1096.5964879929809, 1087.7799668959963, 1075.3302494971704, 1078.1636196881473, 1109.9448900970958, 1116.063967770838, 1111.2260844102366, 1109.1538292982193, 1105.1388068105787, 1096.9293059582506, 1097.0060761981313, 1088.543537978447, 1075.18628303799, 1065.6672562180102, 1051.967090607231, 1040.9022954552763, 1060.8431398085725, 1107.0065732885764, 1233.6469466462056, 1229.382518335096, 1166.3877230194194, 1113.1202360616762, 1086.291373965391, 1085.3916130457549, 1077.6869140720473, 1218.434770083751, 1487.4170122823548, 1544.4499350618405]

F3 : 
---------
[2347.041848279537, 2417.8440710456907, 2796.9866597519595, 2706.0800208186774, 2976.2010860834594, 3160.1633560652954, 2645.5322318907265, 2520.171085824332, 2390.1664624092364, 2530.715176815923, 2589.300161012774, 2723.5035408610647, 1810.8095027284694, 1859.548720814604, 1786.7684970771577, 1836.271009829095, 1967.4986923981985, 2006.1785930773272, 2243.4102473576886, 2353.3227990806968, 2677.397000782611, 3084.296101715654, 3271.48045820636, 3223.7208942014113, 3266.9126535976534, 1711.0595719436453, 1177.7349206399065, 1080.332051975532, 1397.9430750997838, 1408.227483632866, 1631.8903212444575, 1349.5804420383104, 3323.0991209734807, 3310.357941749021, 1397.646207001425, 1153.0686776036503, 1299.9659067938092, 1136.8048518285063, 1664.6988780196696, 1789.205060479147, 1387.4521036792285, 3084.877130810133, 2909.7695186677024, 3005.6882804775328, 2887.789855751476, 2842.4020209584637, 2850.5381886373634, 2905.4524941333607, 2401.198128888582, 2420.289669134122, 2689.220237882757, 2775.938726940376, 2797.6778309824263, 2264.8193625206163, 2165.446087195931, 2384.473576139694, 2758.379791322139, 2617.4475141775706, 2598.5508728560594, 2690.6652279576306, 3256.4460709515083, 2803.67059557272, 2765.388780703878, 2800.964385607114, 2897.803194801991, 2940.2484267380437, 2934.15159995796, 2922.3601519759163, 2966.84834791196, 2922.196854476987, 2890.787479601602, 2906.0091650417703, 2731.071966224796, 3019.524461592462, 3009.722623524075, 2939.9866306113, 2672.1405128291085, 2748.9001779949685, 3039.701336427256, 3040.855010804691, 3056.4682096746633, 3023.501355161828, 3006.825114526444, 2979.677768500758, 1455.1389018890504, 1447.2790830725398, 3106.0704188223162, 3133.5462152269665, 3137.7680823327896, 3123.8817037579056, 3147.607810256619, 1214.5670735012948, 2020.4102456192106, 3131.571385183551, 3146.599684541712, 3146.261450901953, 3103.722899195572, 3104.79905109705, 3131.6875635481642, 3142.1054776163382, 3128.259648475465, 3072.0035326750985, 3029.2359633472743, 3018.779651439569, 3037.0977659039363, 3090.1762184834456, 1835.1005256245426, 1647.5793272628935, 1782.913778215319, 1564.215814644898, 1434.0264866740017, 2865.243117835918, 2779.5572072972673, 2716.4001968912607, 2781.62732936346, 2837.01151774734, 2460.8073443288768, 2010.6446104851598, 2109.772314969663, 2292.612079678046, 2394.796722098224, 2386.159874659479, 2387.424880529825, 2564.913921977889, 2595.554744678367, 2485.082926762016, 2377.356635860488, 2372.3795502937573, 2475.7210675702577, 2594.925317805359, 3272.8851175572786, 2877.680184395055, 2968.410508997409, 2913.780309181219, 2868.317666243538, 2648.7724449946345, 2596.2703842162646, 2902.4883977041764, 2977.979872543834, 3008.3321421583328, 2991.2657139330795, 2967.599573444388, 2578.422918629097, 2719.5902877821377, 2793.9259731426123, 2229.235819172907, 3164.813402898347, 3160.2958119023224, 3132.719616180625, 3076.1962298042486, 3041.777423378511, 3031.213729228134, 3035.305952623509, 3040.053718315325, 3019.522203978163, 2980.9973518421216, 2986.9729857079988, 3000.28931362306, 3014.7019094491934, 2996.149002087579, 2988.4198143356043, 3018.0498921132407, 3006.280282605208, 2930.6511355697126, 2860.9823474961686, 2898.866948398106, 2949.7295227047057, 3013.18924424175, 3040.695796069659, 3077.9775240445856, 3120.178408736428, 3117.289896092493, 3122.481224824405, 3135.2094560148416, 3107.374827737193, 3018.2269023589065, 1122.4155192820613, 1219.903253813119, 1164.0332793845403, 1966.324786657663, 2936.2032042135097, 1117.9827119016709, 1500.3849798697418, 1463.0634878885671, 1443.3211890875202, 1367.7130673725558, 1338.750478667093, 1611.394254732336, 2973.4027710049786, 2932.1094310866492, 2905.080856888262, 2919.8462890644732, 2407.4165763829465, 2873.3351667631023, 2829.533282859769, 2594.37060205627, 2462.4422117505105, 2882.401943651325, 2940.3828318092933, 2979.7956539151705, 2780.628457327285, 2829.830002257426, 2345.187945222762, 2489.6999264629553, 2574.2365269170045, 2621.9361989276053, 2576.9825342835234, 3142.05212223036, 2391.8761625187285, 3527.2324238612937, 3622.134865237396, 2906.979806240971, 2702.1368891629445, 2753.5028133781175, 2761.625228784908, 2704.71400089266, 2742.5464443768115, 2834.133585632156, 2862.2412925572917, 2957.048498502011, 2928.154856955343, 2993.442795782945, 3136.7566997673475, 3194.0351900876935, 3149.9466486348956, 2973.8793369909295, 2927.6483519239277, 3006.9211578617287, 3096.1561112546237, 3073.363968662396, 3094.162408647398, 3129.0620299967673, 3153.540251934766, 3198.0469012389235, 3214.3780945326675, 3177.3306607979607, 3167.1859006811837, 3166.70420704066, 3160.7784689985324, 3149.2412268922535, 3127.2482141069618, 3176.6108602360946, 3205.9280587850594, 3206.294297128948, 3210.9249550191353, 3225.075219432449, 2796.223067498787, 1887.682270327668, 1964.4563672770876, 2142.5822443943653, 2282.671067158016, 1944.2205769704578, 3085.1870979337345, 3076.7258811449165, 3037.2629539109143, 2979.785193559377, 3064.602741409175, 3206.7497102895995, 3214.3593145257933, 3158.4335740862603, 3023.741491052633, 2956.6512535748375, 2966.1226166975807, 2562.724155478539, 2085.2962862126165, 1899.1579021375067, 1880.2654906743214, 1730.1423585799334, 2591.276044839817, 2829.5283183966376, 2773.2450142400485, 2788.946092375432, 2878.4463270153583, 2956.1150841127514, 2833.579176752688, 2924.8371751348645, 2670.141577405251, 2202.246855774519, 2584.217945526106, 2554.0006085965047, 2423.492683258179, 2347.0899516250574, 2392.5275696598383, 2324.958416429909, 2146.881795472631, 3246.540088841591, 3247.6766204903524, 3248.7963377378833, 3248.477905705488, 3247.310356093859, 3014.253907953938, 3244.7841894701955, 3243.60035969206, 3247.692892581037, 3245.6648708169746, 3237.229343583641, 3223.003681004506, 3191.2227465831884, 3140.9058923298458, 3096.4151599589613, 3107.056590065056, 2998.3544734769985, 2994.6722648596897, 3304.728433663224, 2859.661114339403, 2846.4435757755255, 2845.776923603443, 2849.626383141018, 2872.197389219252, 2890.8460190833703, 2890.955403622275, 2889.2087491102893, 2880.669363467482, 2876.9648869539974, 2882.8807051967033, 2872.7418650130885, 2860.4608627651664, 2883.909690573306, 2909.2062788016237, 2906.132927899552, 2957.2753176007086, 2993.353447711744, 2906.0920327981557, 2905.040025147557, 2953.1437398677276, 3059.2760574629337, 3165.578896142294, 3165.127471787893, 3193.6407468708367, 2921.1811175130983, 2499.9576367829586, 2245.528618384589, 2342.1367574173037, 2979.6112755387544, 2915.5638410937704, 2586.902871282561, 2808.7918416633124, 2941.6717196115537, 2956.7484103067854, 3007.051016712636, 2923.6364370481447, 2850.558211947646, 2945.5719683249986, 2037.1441865284096, 3114.1934346610155, 2920.6831305990627, 2819.8435785600977, 2850.531341736654, 2874.835668890846, 2935.336255975177, 2982.235766257316, 2796.2552836165605, 2824.544690945381, 2857.1120389128378, 2848.7114106525123, 2852.275483537449, 2864.7563879872855, 2872.8881785722797, 2689.337535080171, 2462.9509748056967, 2496.9206876605667, 2517.373015294139]

F4 : 
---------
[3335.0733052366436, 3423.830126971951, 3242.4311079797303, 3250.557368495497, 3683.238909467312, 3912.9650142522937, 3207.172113383196, 3180.5259658739387, 3250.959127282163, 3288.858882298794, 3441.0783505348745, 3761.2435880263465, 3194.2617928976947, 3170.8770853827295, 3222.049921016135, 3246.4210818449737, 3227.0876578423376, 3218.076246179621, 3202.8885476674473, 3190.2839901204147, 3165.7696644240127, 3293.699232764434, 3950.5267074709905, 3956.80901829806, 3957.8208105870726, 3278.6399675315893, 3238.5879257950737, 3183.1397692476917, 3190.4104890486365, 3239.577296810549, 3234.114498056294, 3344.127098360436, 3888.8899340166986, 3868.3847174993516, 3372.8626429672354, 3239.13775648642, 3199.3861964571815, 3114.1226376745635, 3079.7933810319123, 3167.290055325232, 3296.114033987555, 3861.6504884496835, 3902.426328573333, 3242.610282467088, 3700.4356081649516, 3707.7511227578434, 3877.4725355461687, 3991.767866600535, 3016.427639121849, 2913.728003922861, 3856.4232703304788, 4002.1323146872955, 3966.867281827991, 3017.5459496320295, 3252.0758849362446, 3145.4153583184557, 3063.552954800744, 3344.8332516136184, 3427.9328780465826, 3397.8612784245497, 3842.642908118962, 3868.6626701146015, 3890.3260380676315, 3834.4488734781457, 3805.814150512335, 3840.234323571365, 3854.229024861959, 3834.8506527942563, 3553.3115497169797, 3348.402203740857, 3091.2097623909763, 3166.443356671422, 3121.1813349074005, 3902.181579980289, 3893.1182754834836, 2952.9035461595604, 3553.422447568375, 3840.902187973797, 3818.0747162297152, 3804.853725347415, 3810.5476086555036, 3826.5654877953675, 3816.874249397043, 2997.441912312431, 3034.2715147418376, 3829.3137286695287, 3827.5421097815406, 3843.8241431220163, 3838.2499945036093, 3826.4368055324358, 3140.725978776936, 3239.330097796175, 3866.112241776088, 3856.3386353968585, 3856.646043860829, 3825.1149945809375, 3808.0166115100697, 3838.3208921682995, 3833.693520638867, 3807.1305581458705, 3805.4540357501196, 3836.60818249268, 3843.928069875477, 3827.657415888097, 3807.777970778363, 3342.0366305522107, 3138.3493787765706, 3021.5966854483295, 3001.4880802604316, 3003.2436357837137, 3825.4731416002733, 3729.471858590437, 3698.74496124029, 3715.84586961418, 3821.336603289654, 3596.163893813182, 3222.5883605429435, 3285.2841438270093, 3354.71125543282, 3353.3092326777673, 3336.934254194491, 3286.396174662787, 3307.0964692002926, 3299.0328444685388, 3317.279074688729, 3328.261861710881, 3362.2594523332286, 3358.2944334552394, 3708.2390690552465, 3128.209983218955, 3431.412048889517, 3527.411923648046, 3487.1737218979365, 3497.247640216418, 3386.6186736252535, 4022.059737444296, 3991.6236921049076, 3964.9127060070086, 3923.5243235585986, 3132.2662627915624, 3126.930114760588, 3102.562528096556, 3124.1769339766074, 3148.46736022273, 3987.7398050668066, 3959.0156738839087, 3933.600762697073, 3918.58733581608, 3914.2480425252616, 3884.027785112594, 3863.728716949265, 3881.0789495491686, 3934.498383663304, 3921.27111205454, 3884.3123843090198, 3871.748718682386, 3889.870866668436, 3934.814896955283, 3935.293738671701, 3924.461750260746, 3909.858552429507, 3898.0227516282766, 3891.1816225591374, 3892.0208523974015, 3892.2900843493244, 3896.5053083544453, 3917.584851780421, 3902.7743189055022, 3871.9420839428744, 3853.744764970582, 3868.1513004815224, 3902.1307629284343, 3909.8626531065997, 3883.7522685365025, 3015.1048454929514, 3058.9515849259515, 3088.91268448661, 3439.224467132992, 3910.3959211130414, 2984.594473578493, 3134.454027374415, 3188.8660984803023, 3192.123859575142, 3178.253285114915, 3169.6344647441524, 3189.7327391634735, 3857.02333147123, 3847.998603737563, 3825.000764645913, 3859.1154983285014, 3168.5395186339624, 2906.484293470781, 2946.347602225434, 2987.588847286503, 2919.6939278331147, 3868.5364055964988, 3864.8588054655434, 3866.1886901905805, 3292.4503327576035, 3076.421763535288, 3128.8213788448406, 3214.6996656815486, 3243.81877490105, 3238.514039675746, 3369.6120034700384, 4058.985807521714, 3731.7152545840786, 4171.0251823263725, 4199.935767215655, 3908.691833980559, 3754.83064085683, 3769.7168089485745, 3770.0712029546157, 3769.0142928364394, 3782.7937561627664, 3429.7793168031935, 3204.6503703367357, 3594.907317556922, 3829.775513417363, 3305.655435117932, 3396.659155558824, 3919.206476845762, 3869.625424800437, 3866.1790889807476, 3839.8280943076165, 3782.7654008382056, 3743.276397816815, 3729.325354326691, 3777.3226737391724, 3813.8271955263544, 3800.294406255349, 3829.593240349583, 3850.6365197458376, 3831.7895187555764, 3820.3723652833946, 3828.9506374114494, 3837.607538580515, 3841.579578413594, 3850.375775019591, 3924.257847011373, 3939.6006376281703, 3937.2586365448883, 3934.8613176734198, 3876.766083149142, 3701.5608943711736, 3243.106909986807, 3198.976424452493, 3119.3267537331735, 3052.6754093439317, 3074.3335386543986, 3870.8761387192926, 3867.2393814810393, 3842.3008453315074, 3834.0964086485938, 3863.519968488731, 3874.2010299148114, 3823.4084507966168, 3687.4888353806687, 3584.0925029569357, 3605.8375973595857, 3734.7960563032166, 3454.9049714268695, 3016.9515885981964, 3114.447444393384, 2995.971706560516, 2919.69402092883, 3660.5752887461354, 3791.4170726526913, 3746.0927637440404, 3711.840048713607, 3658.6216392594183, 3667.750799440734, 3668.2672288447875, 3610.0232458886044, 3358.0570509839254, 3073.613630265618, 3217.54003271731, 3284.1786167565015, 3273.7588922903033, 3236.672384221345, 3243.25627420496, 3214.330319852942, 3167.1462917584427, 4154.486004986191, 4213.342425759204, 4289.671195945694, 4366.06696824102, 4438.383619811433, 3716.662045383894, 4011.504733252511, 4021.1091115310933, 4071.1460695942546, 4113.999013661974, 4140.761686757774, 4166.871616443092, 4177.142824936975, 4111.613217741831, 4047.044376566867, 4047.6952031591813, 3685.9722838768093, 3601.065697389981, 4322.369185563465, 3400.089444647988, 3367.7490410507003, 3290.6286734575574, 3234.9964164686544, 3334.4212641812346, 3478.366601249856, 3325.8066850950604, 3381.131514442415, 3564.226404205145, 3534.000391543013, 3589.977702661991, 3609.3443192717145, 3547.5012068382316, 3462.5510506742653, 3564.174906314599, 3645.4606438286232, 3514.660861730661, 3553.1449607106283, 3766.5234959382274, 3713.4032061094604, 3656.0072267683304, 3628.8135682591724, 3681.6866297691295, 3679.7283977516986, 3723.054186772407, 3280.703855604865, 3232.2920010360986, 3296.951714604232, 3250.675266536631, 3018.0707965845822, 3005.1732772721443, 3332.8445332732404, 3205.5676766974416, 2973.589924277898, 3737.2384484614545, 3746.8493779199985, 3750.4985396836564, 3797.4246386263208, 3786.1405767978977, 3145.0851830909446, 3791.8586087888357, 3720.443538085393, 3761.1408631679014, 3757.295873162281, 3701.886792456275, 3622.367536173457, 3595.982478872237, 3628.090956801152, 3721.71840589071, 3802.300909028224, 3781.8127264221544, 3788.7406135374276, 3790.324819587043, 3737.290237813378, 3429.977091749806, 3421.1230788646244, 3484.047064711678, 3504.8361413995435]

Mean of Formants:
-----------------------
F1: 498.20019921263713
F2: 1177.9780399891201
F3: 2709.4845026912158
F4: 3582.106681141612
-----------------------------------------------------------------------------------------
MFCC: 
-------
  Object type: MFCC
Object name: untitled
Date: Thu Mar 12 13:15:20 2020

Time domain:0 to 6.770291666666667 seconds
Number of frames: 1349
Time step: 0.005 seconds
First frame at: 0.015145833333333024 seconds
Maximum number of coefficients possible: 38
Maximum number of coefficients used: 12
Minimum frequency: 0 mel
Maximum frequency: 4000 mel

-----------------------------------------------------------------------------------------
Formants: 
-----------------------------------------------------------------------------------------
Object:  Object type: Formant
Object name: untitled
Date: Thu Mar 12 13:15:20 2020

Time domain:
   Start time: 0 seconds
   End time: 6.770291666666667 seconds
   Total duration: 6.770291666666667 seconds
Time sampling:
   Number of frames: 2689
   Time step: 0.0025 seconds
   First frame centred at: 0.02514583333333409 seconds


Matrix:  Object type: Matrix
Object name: untitled
Date: Thu Mar 12 13:15:20 2020

xmin: 0
xmax: 6.770291666666667
Number of columns: 2689
dx: 0.0025 (-> sampling rate 400 )
x1: 0.02514583333333409
ymin: 1
ymax: 1
Number of rows: 1
dy: 1 (-> sampling rate 1 )
y1: 1
Minimum value: 57.54308706375241
Maximum value: 1509.8646664795592


Quantile of Bandwidth : 363.17484797573417
Mean : 827.4352237599496
Standard Deviation: 292.34435633535577
-----------------------------------------------------------------------------------------
