-----------------------------------------------------------------------------------------
Pitch: Object type: Pitch
Object name: <no name>
Date: Thu Mar 12 13:17:02 2020

Time domain:
   Start time: 0 seconds
   End time: 6.192833333333334 seconds
   Total duration: 6.192833333333334 seconds
Time sampling:
   Number of frames: 616 (141 voiced)
   Time step: 0.01 seconds
   First frame centred at: 0.021416666666666303 seconds
Ceiling at: 600 Hz

Estimated quantiles:
   10% = 197.30127 Hz = 168.602572 Mel = 11.7648029 semitones above 100 Hz = 5.30625194 ERB
   16% = 207.984915 Hz = 176.409863 Mel = 12.6777467 semitones above 100 Hz = 5.53012348 ERB
   50% = 256.039347 Hz = 210.217854 Mel = 16.2763864 semitones above 100 Hz = 6.48145399 ERB
   84% = 277.122265 Hz = 224.418836 Mel = 17.6462715 semitones above 100 Hz = 6.87276704 ERB
   90% = 278.850723 Hz = 225.566986 Mel = 17.7539162 semitones above 100 Hz = 6.9042006 ERB

Estimated spreading:
   84%-median = 21.16 Hz = 14.25 Mel = 1.375 semitones = 0.3927 ERB
   median-16% = 48.23 Hz = 33.93 Mel = 3.611 semitones = 0.9547 ERB
   90%-10% = 81.84 Hz = 57.17 Mel = 6.01 semitones = 1.604 ERB

Minimum 149.019865 Hz = 131.868486 Mel = 6.90605597 semitones above 100 Hz = 4.23004468 ERB
Maximum 553.583643 Hz = 383.019859 Mel = 29.6256158 semitones above 100 Hz = 10.9660741 ERB
Range 404.6 Hz = 251.151373 Mel = 22.72 semitones = 6.736 ERB
Average: 249.374531 Hz = 204.452766 Mel = 15.4730388 semitones above 100 Hz = 6.30693918 ERB
Standard deviation: 55.97 Hz = 35.54 Mel = 3.358 semitones = 0.9636 ERB

Mean absolute slope: 310.1 Hz/s = 203.5 Mel/s = 19.83 semitones/s = 5.579 ERB/s
Mean absolute slope without octave jumps: 14.81 semitones/s

-----------------------------------------------------------------------------------------
Jitter:

localJitter: 0.02216913305550878
localabsoluteJitter: 8.93429509080869e-05
rapJitter: 0.009558236457863922
ppq5Jitter: 0.012500787986959118
ddpJitter: 0.028674709373591765
-----------------------------------------------------------------------------------------
Shimmer:

localShimmer: 0.1106788087074588
localdbShimmer: 0.9808648863353031
apq3Shimmer: 0.055683848092678935
aqpq5Shimmer: 0.06462057826655751
apq11Shimmer: 0.07943693707390254
ddaShimmer: 0.1670515442780368
-----------------------------------------------------------------------------------------
Harmonicity (auto-correlation):  Object type: Harmonicity
Object name: untitled
Date: Thu Mar 12 13:17:02 2020

Time domain:
   Start time: 0 seconds
   End time: 6.192833333333334 seconds
   Total duration: 6.192833333333334 seconds
Time sampling:
   Number of frames: 608 (141 sounding)
   Time step: 0.01 seconds
   First frame centred at: 0.061416666666666335 seconds
Periodicity-to-noise ratios of sounding frames:
   Median 6.26014864 dB
   10 % = -1.29933371 dB   90 %% = 13.0507762 dB
   16 % = 0.516478129 dB   84 %% = 12.2179728 dB
   25 % = 1.71740237 dB   75 %% = 10.3055962 dB
Minimum: -4.38231547 dB
Maximum: 19.2645355 dB
Average: 6.18111881 dB
Standard deviation: 5.39024959 dB

-----------------------------------------------------------------------------------------
Harmonicity (cross-correlation):  Object type: Harmonicity
Object name: untitled
Date: Thu Mar 12 13:17:02 2020

Time domain:
   Start time: 0 seconds
   End time: 6.192833333333334 seconds
   Total duration: 6.192833333333334 seconds
Time sampling:
   Number of frames: 617 (144 sounding)
   Time step: 0.01 seconds
   First frame centred at: 0.01641666666666641 seconds
Periodicity-to-noise ratios of sounding frames:
   Median 10.1610416 dB
   10 % = 1.22497003 dB   90 %% = 17.106832 dB
   16 % = 2.79260545 dB   84 %% = 16.1511892 dB
   25 % = 4.76571417 dB   75 %% = 14.435232 dB
Minimum: -4.10439096 dB
Maximum: 21.6426626 dB
Average: 9.72238175 dB
Standard deviation: 5.96969554 dB

-----------------------------------------------------------------------------------------
HNR: 9.722381746686743
-----------------------------------------------------------------------------------------
Glottal features and glottal based spectral features [formants]:
 F1 : 
---------
[530.2390598554128, 548.4174714409087, 559.0706682741342, 563.0183064322612, 563.9394556820006, 566.7063901433323, 580.261645388383, 594.6123254329992, 619.9312607368432, 645.7041199916567, 655.1741675694, 655.5703927799252, 649.4763551650577, 644.7292484396148, 643.3103707031124, 640.7106741746741, 637.3483870144237, 631.3083940001053, 620.195714736812, 600.0975019012982, 582.045708182179, 575.8448601191625, 574.3039831999967, 572.4303368611244, 562.6569587537386, 534.0829998248132, 481.1320871560489, 404.31802462601564, 350.3542644367807, 356.5110541300919, 377.872896879144, 377.3357168134357, 344.7387986671033, 295.11417114437734, 282.1740980999815, 340.08761777983676, 383.37184241938417, 541.6943960360685, 594.8999354652536, 612.4428316024395, 640.8537650779334, 688.9760725692341, 685.3760321323551, 720.2072792579884, 727.8315300249795, 737.2176118190638, 745.6402849535051, 757.8308023917547, 786.7116087388747, 837.0905238892515, 887.4386635669125, 879.4806328328967, 970.5368528328755, 991.7396935301998, 1002.7217187941486, 1013.5560824370456, 1022.0311013556259, 1024.3905122347003, 1026.7030949530717, 1034.9610667713716, 1037.6891420507925, 1041.1041023107848, 1041.1836014577143, 1041.5844590173426, 736.3643568012269, 1043.8531395151147, 1035.5258360928985, 1028.7435265947995, 1025.3352219575388, 1029.760860830829, 1038.0295215103868, 1045.5754904245523, 1051.455873598763, 1053.1503652108154, 1056.4222552185042, 1052.360760488252, 1038.4212125059664, 1033.856762074926, 1022.1281102963326, 1015.8144102274742, 998.654623226287, 1008.6122877061957, 587.4183948005204, 1021.1573218542538, 750.427812909346, 708.7306738042461, 974.9744411967866, 483.81155936884886, 794.3287690832713, 712.7309877252685, 555.8530282598977, 1065.0887097393374, 945.9300868777012, 956.1491691771059, 547.4811943700128, 1139.6145156905413, 1040.335525503735, 1057.5366302657148, 1072.560951016094, 1087.5912902789505, 1085.0737318199506, 1071.3584383380107, 1058.0856281180534, 1063.6392260061073, 1060.409836891892, 1060.9265891008292, 1059.972972312761, 1062.1784230473736, 1066.992420508329, 1075.9821501106242, 1087.9627796763098, 1102.2507248574996, 1106.6320816114649, 1099.8474773721675, 1092.891202146628, 1093.83399908947, 1101.399915753991, 1111.3340378854991, 1118.406177326731, 1112.5601013563519, 1104.1491040063333, 1099.2587432776074, 1098.7248548732516, 1091.0111669840535, 1074.673540449027, 1031.6559507920574, 1059.278441725838, 1045.1035238016354, 1045.7058552704, 1052.6942363951716, 818.889828063917, 1068.8080100054883, 1072.2717555237105, 1070.9871948906452, 1065.9909629406332, 893.7346550295479, 836.3223998188201, 1054.4440170972655, 1051.5963273599498, 1052.9350906680725, 1002.4580268087066, 933.2130509622829, 911.647062468736, 856.9465688692776, 760.5095467011434, 1072.7618547411573, 1074.0617749656112, 1072.0020107868722, 1066.9065399607323, 1064.087862639503, 1064.2039679563845, 1067.0011976125475, 1072.0776106891583, 1077.6589030105656, 1082.5062271285324, 1086.2019992244316, 1086.2429093716962, 794.2232590967949, 944.787259248723, 928.5384915007496, 983.5238589192122, 776.4788912524488, 655.6405371418164, 1036.7535983594967, 1042.9758541076583, 1049.0549108800794, 1058.0320258535498, 1076.4392869395347, 1096.2142581394623, 1112.6660718389817, 1118.3488772172004, 515.2402765172831, 646.6205967813818, 727.0523653362558, 873.1413371968106, 740.9055290307427, 696.7332870704187, 1043.3785072607807, 981.7926902501422, 852.1899111337199, 1006.8529303450765, 1031.7736036826407, 1035.4305566588812, 1038.7517282495169, 1043.915774643734, 987.6641772862836, 845.6801154740547, 662.7480817313442, 1017.6693903154171, 1078.2163639187315, 1087.6627503698537, 1092.2583275024601, 1094.444421248306, 1097.8090261222017, 1103.9109409631112, 1111.4657144293337, 1116.802288482106, 1117.9472910159607, 1117.1565694038002, 1117.452661878996, 1116.7714025581477, 1115.2852032929227, 1114.656897733401, 1110.1963005557802, 1104.3553583458242, 1103.8842579642821, 1105.1447357202353, 1102.3491692651507, 1098.062908159933, 1096.1331853966556, 1094.7024903322267, 1088.8466644518383, 800.280625560131, 596.7928607712743, 1040.6487426057788, 1069.1346733289647, 1065.176786623985, 1046.9389151271262, 1022.5761373526127, 1063.8547179455495, 1027.9536441718387, 963.3626992822084, 970.0862643946814, 978.41434312327, 989.3704125680613, 1019.4356527948464, 1036.0918635294438, 1036.6275380759203, 1037.9187645620207, 1047.314826788217, 1059.143904689699, 1076.5146841923627, 345.74716681130167, 325.3360209248813, 134.65031856269871, 257.5552856439874, 470.85165729282625, 661.9238166876719, 805.0560870906585, 850.7102078366914, 814.6970577894424, 776.7606693606235, 736.8298803509487, 407.98773048818407, 1041.0658851880494, 1077.1090589781434, 1090.8688240717267, 1099.9430099723775, 1103.5279914276396, 1106.145391492935, 1110.8905639844863, 1115.351693711362, 1116.9411042008405, 1111.5760493701223, 1097.4196532890871, 1092.041696201301, 1103.5255091147499, 1110.1876417923418, 1103.0919557199757, 1098.104072131164, 1098.6695273912756, 1098.8301165667228, 1096.2879790212053, 1087.1448743461524, 1081.4019880860649, 1087.7505394623493, 1093.3756965400162, 1090.2535803478524, 1087.43795183812, 1087.8114960226765, 1090.3071878139378, 1095.320039662315, 1100.0680339315413, 1104.775062472759, 1109.3785535640911, 1105.600208399815, 1100.1803517297453, 1099.585483145772, 1094.8394836969183, 1089.0912718810923, 1087.790889572107, 1082.6355083884755, 1075.9325951075516, 1068.8032935443105, 1062.3712314966083, 809.3624441613289, 722.9460062912237, 1018.8980190131408, 1040.2367217054368, 1034.7487753823173, 1023.3727647476794, 863.4452578963667, 1031.8132616943014, 1038.110283779933, 1049.9471621714038, 918.5136670124591, 912.378618647503, 885.1553428439452, 813.7654424246044, 744.0413844817107, 742.1194323677418, 748.4779165526038, 748.9723535396193, 767.7224019374787, 789.2259876898217, 832.0156156040947, 868.2958846029085, 891.0729803940692, 929.0161631705004, 1014.7318563588144, 1025.2790144080418, 1006.0029390578461, 1017.7168205614171, 896.0067581789727, 683.7183961840467, 687.1119434103917, 967.9453313990131, 1066.1251019622741, 1049.4582270358746, 1040.5675373994761, 1041.5456137762696, 1045.1166972288875, 1050.665596234687, 1062.4106198428133, 1075.7406662313072, 1079.5044393486141, 1081.4273644304353, 1088.6560463801761, 1095.6944844532645, 1100.5095875347388, 1106.7180877230007, 1109.0802030827028, 1095.0395617890706, 1076.7271374783995, 1070.8860626041894, 1078.595186995738, 1088.2763990137987, 1097.2907357255021, 1109.1367582842236, 1113.3253872107698, 1101.253399183437, 1082.828305131889, 1071.2742407319336, 1068.5315920972055, 1068.095694573732, 1069.0266222910134, 1071.1672798327147, 1076.4786910113019, 1082.5108631859102, 1081.1408119283446, 1065.9954464699115, 1063.527321535214, 1071.092137864562, 1057.4203106140162, 1027.441305804591, 1022.1367849865228]

F2 : 
---------
[1672.3728143433066, 1658.3316147336402, 1612.306264451995, 1588.3897800242255, 1576.3122498283167, 1557.9249520683625, 1522.9933617920951, 1467.8972668386168, 1497.0066834497645, 1516.0243363101617, 1522.7254001869337, 1523.24852616923, 1510.7384916817996, 1489.9325883791018, 1458.9442919102053, 1465.231523079888, 1546.721097913427, 1612.2974969634517, 1646.8816238084507, 1662.4092365737893, 1677.028517332959, 1680.5104374102482, 1674.3464397253065, 1678.4722981362488, 1699.1629825930565, 1708.7176464961801, 1690.1018195604709, 1693.8225708881096, 1708.8484001529746, 1741.6177280006707, 1765.4518380912698, 1729.146216079368, 1665.550639554602, 1597.8088197771867, 1556.2074870713332, 1485.6384425327997, 1521.0018034039333, 1858.847818197888, 1192.3962428426178, 1107.1621950191638, 1307.9423066272861, 1806.7990792352023, 1121.2649116228185, 1019.2735513806243, 1289.256777368881, 1418.1580672952025, 1497.2671185053728, 1675.7141612438083, 1515.5238558652886, 1731.1666793805903, 1740.1003765031699, 978.8864117774395, 1652.2585344309612, 1769.8396226385948, 1778.6394443939314, 1766.4904024368043, 1768.3244741859312, 1793.9860835069674, 1807.1413982003478, 1797.581272153152, 1778.1096901233968, 1767.8993308072584, 1767.6164985857367, 1764.125835949874, 1335.7900065752087, 1674.6962716756832, 1777.5512688406463, 1769.2445774939001, 1761.2404990697376, 1756.5525299450185, 1681.1243904181267, 1574.72921583339, 1431.9293946152823, 1445.5173913417577, 1423.0708095644898, 1407.6768793549945, 1406.7595084265342, 1311.2077737809414, 1260.44995077714, 1285.6144852303985, 1312.1766229601833, 1215.8332199469505, 1046.1071519606983, 1723.4430185233932, 1017.2563621202802, 990.8871286723788, 1704.969076133786, 926.6517151097714, 921.5962119321655, 1150.9877990818904, 1242.1292526426016, 1757.4618671062635, 1698.9330195292332, 1747.4804472651738, 1538.5222519271472, 1763.9497182793887, 1759.2986770179118, 1622.4612297556369, 1628.3617789562245, 1640.328095804707, 1622.8960071905665, 1556.0917635568635, 1593.4617983720245, 1603.777842998027, 1622.2335232351834, 1645.1447396740116, 1651.400926467721, 1658.277135069254, 1662.6137737282504, 1649.6693805320456, 1637.04404876376, 1643.4101060019352, 1647.1169239108146, 1642.6888647345024, 1642.5714642111452, 1659.4491377137026, 1663.698969360573, 1665.1909220186533, 1673.0403136382206, 1674.4847699046177, 1672.4459583333487, 1666.040267216801, 1668.7019532693416, 1112.2252732918128, 1141.8611824221066, 1172.8890212687595, 1192.0892867415384, 1270.5921408013267, 1302.788763725835, 1244.1143135560815, 1076.5568760589433, 1695.3504444800426, 1695.7578495811554, 1687.4833331921204, 1671.212468992819, 1486.1810788832547, 1059.4376106694372, 1100.8170644471263, 1138.3734843089824, 1084.7880416352602, 1044.7527872047908, 1029.102136026633, 1016.6534704941055, 1011.089474744329, 1159.907048556503, 1684.3670796220624, 1689.759994913233, 1692.6536050797997, 1691.3435557381101, 1685.7972641740178, 1680.0896360588513, 1675.842815812017, 1673.9908072259532, 1675.4123950327541, 1678.1176671722155, 1681.4063552584362, 1683.1470209651557, 1078.9525649720129, 1079.3392251893465, 1079.5715009803093, 1519.113517730661, 1039.0938017846613, 1138.1682603029346, 1589.462926739974, 1591.8788307845907, 1586.7835236422452, 1559.1051962522665, 1559.1290432105056, 1599.5400020297395, 1636.2536749219603, 1658.3983821858624, 1155.607757132935, 1178.8002918748089, 1190.4314275796633, 1133.9095336612384, 1089.9323778356606, 1067.585048937058, 1081.6518978835722, 1054.4273366685882, 1055.0537515422407, 1064.9926685176001, 1141.8553962012502, 1113.4233995612115, 1108.95054395183, 1063.0817049388268, 1048.4404330341408, 1052.9288037984275, 1058.6058861569097, 1608.2364501872498, 1673.954829232455, 1681.9356920409405, 1688.2626353710677, 1690.4709072654884, 1691.6074351059146, 1696.7314663334184, 1704.4222421828026, 1708.739823999974, 1707.3503409523182, 1706.123722210947, 1709.375010895582, 1710.9461214843554, 1709.0370433145608, 1704.821809052933, 1698.168335948975, 1692.8374305060754, 1690.5116500039608, 1688.3052820760581, 1686.7135278562785, 1684.6172041390826, 1680.657348237247, 1677.8515439437244, 1672.6993845527286, 1497.5388928651437, 1074.0436070458868, 1096.1078623520689, 1217.6695918510472, 1250.3627801255425, 1245.753571101083, 1220.4612862393742, 1119.3308732960056, 1101.269071097047, 1644.7215305931963, 1692.1484558027369, 1721.5819706705875, 1729.6489482605714, 1692.958602497983, 1595.0949689233319, 1583.1122357756808, 1584.0567872710014, 1606.8913815833287, 1652.2333801792631, 1666.233931017176, 1224.6868114225276, 1116.5759832579663, 1113.4282998010049, 1107.2974441366105, 1085.2881818268738, 1062.7466779947854, 1063.3469088654645, 1054.8101632186576, 1050.7302493557952, 1063.4994747216624, 1071.7799334881167, 1070.4636167698968, 1707.0628883604309, 1731.3467948850564, 1739.0522554501615, 1749.7848791163274, 1763.7239423531473, 1766.09953095206, 1757.400552258881, 1753.2857145958685, 1750.631851658351, 1743.9015457953035, 1740.6730805425548, 1748.6609238999195, 1751.5187644469306, 1747.8107811901878, 1758.3648392678738, 1777.6249062023712, 1784.0948574758786, 1776.8171767727633, 1767.9791434995543, 1756.780847856388, 1748.3998677785673, 1748.6940104033774, 1753.2675895621162, 1743.0348692640362, 1729.159704141617, 1730.739651574866, 1745.5499881276055, 1761.620609631666, 1769.8673227587726, 1769.7002060247362, 1765.2726854311043, 1763.2250414666591, 1777.863759128685, 1792.0741983566534, 1784.8589499923028, 1771.1008234102042, 1764.9064299824283, 1757.9988844042898, 1746.899209222675, 1737.3981083046833, 1730.2967644435985, 1463.4402348813603, 1059.6801181963317, 1106.6905672416055, 1268.2387981480504, 1245.2837132262296, 1069.2410406724555, 1438.9901318675334, 1667.8661140991744, 1664.9293117744962, 1666.7611791065474, 1622.9036818698105, 1622.6428640365857, 1615.0027439813011, 1592.7459227400916, 1546.693850360464, 1531.530008620674, 1555.919897720507, 1559.8793316632182, 1559.0167730888804, 1566.0400285346248, 1558.9008834267147, 1546.2454713905563, 1577.2225145551315, 1596.362504316358, 1595.0640693530804, 1579.610008130271, 1580.9022791411542, 1596.8513900241383, 1471.138717532646, 1057.6992731360756, 1045.9184467116343, 1571.3805177428876, 1613.6570310953562, 1584.4102553158968, 1582.2781719976217, 1584.4298669165114, 1582.8939705119114, 1595.7048293935786, 1622.1126420727867, 1646.9244556218591, 1646.874889889968, 1644.1772017888734, 1653.9130499459263, 1666.6743654594954, 1673.748943737901, 1674.7158225403145, 1665.4491943376754, 1648.5370355536504, 1635.981858182666, 1631.8340091024547, 1643.4227320828722, 1658.4968841302493, 1663.7059923133395, 1668.9027993779666, 1668.00018280585, 1659.7429401196512, 1652.1312201064677, 1649.84935279814, 1648.6834301507224, 1641.3835537627303, 1632.1159683025376, 1628.5787182884862, 1637.6532095382265, 1650.5950618293894, 1647.3480112778095, 1622.7718943406744, 1616.211326563554, 1617.1187233179796, 1417.6794569333842, 1560.0293265875803, 1434.111490217115]

F3 : 
---------
[2587.040421148615, 3023.206904370179, 3022.134811480967, 3044.4707665954934, 3043.139168351276, 3040.80231527332, 3041.5665082305804, 3064.427392197802, 3086.6521980635916, 3096.904518234031, 3106.5862732623964, 3115.3729315242313, 3101.3755905763833, 3079.120015959782, 3091.8515352556924, 3152.841436994549, 3148.2073770099155, 3095.6167448350197, 3074.12107939129, 3074.4710269750267, 3107.2091884813044, 3167.5804578651314, 3181.156202298391, 3165.9731687056055, 3159.0923619571154, 3130.281348508011, 2976.412459454567, 2875.931718468481, 2811.324643919074, 2875.1855077950468, 2972.4031574010387, 2994.816183454839, 2967.1441357516583, 2932.517642167063, 2729.734863540641, 2607.2421813319042, 2766.9239126599573, 2624.3460534317733, 1830.7570497778956, 1834.456280754752, 2439.3045999924607, 3127.808986136662, 2290.504943210855, 1783.3352178508133, 1810.9184793430106, 1826.6877780275088, 1805.7882078917517, 1731.847590498961, 1737.2034546647483, 3122.0591090071216, 3127.3973765009596, 1826.2634514686317, 2832.662286394213, 2945.7978157867046, 2815.306719843102, 2801.435768712542, 2852.557891495083, 2890.091112278888, 2884.9379529760013, 2872.2807250252886, 2880.8324641137483, 2897.0445931333984, 2913.3589316118373, 2909.5341852664924, 2224.2450269440183, 1770.6807635730115, 1814.9120798300785, 1848.4860500863183, 1844.2305426139249, 1769.9536877327407, 1768.3132426303332, 1768.3561791279642, 1771.0742913356514, 1776.1543487671695, 1778.390339572642, 1776.2304631005593, 1776.3464205053397, 1785.460474361575, 1788.0471255344942, 1769.5217952764187, 1762.7737589767062, 1766.5889626501762, 1766.888179028618, 3012.9793040557247, 1723.0818954852045, 1731.4436115261044, 3030.8366053505088, 1729.8177793882485, 1747.276067923683, 1775.3867605683922, 1800.0518915419334, 2989.5660553563694, 2957.688096720712, 2988.7023515074557, 2309.604307239835, 3171.999006340257, 3176.9324753372525, 2933.399169650524, 2975.4929007890064, 3016.876066409515, 3028.8656674509243, 1872.4434064729294, 2000.6256335728704, 2056.2189099777493, 2259.1006678586436, 2303.1956795952237, 2601.2009744464026, 2717.380132332687, 2628.486368226973, 2653.0727630703955, 2939.92569702371, 3014.7027215263897, 2985.6810813374764, 2987.8834448271355, 3017.080335947223, 3033.1355652434027, 3009.506992545279, 2994.539607549733, 2995.8129051639294, 3017.085300867939, 3025.5600588293046, 3021.668579626471, 3016.3488414471512, 1689.3120032901065, 1711.2802426783578, 1713.6056582292274, 1685.0378096144866, 1680.4518049033863, 1687.995757321019, 1691.602242300112, 1694.738201873563, 3071.804678213419, 3015.5604766218494, 3004.677060764687, 3024.2118055856263, 2649.7288866540584, 1670.1850563547157, 1687.7864229281302, 1708.5153070292504, 1713.939234065914, 1702.0783791673377, 1690.9967068660508, 1686.6034464526172, 1682.0917364256914, 2005.728576092923, 3030.78257634516, 3020.067256431851, 3015.176725737057, 3011.5532157895736, 3001.8233617139226, 2987.0523949174426, 2970.6030823331403, 2954.385802712882, 2946.3354281425964, 2947.290502137028, 2960.7484883379393, 3021.407566830359, 1702.7274837950758, 1709.9885963589973, 1711.8891189777592, 3124.7284226459356, 1567.1165315040225, 1833.2608302600495, 3047.6587025642116, 3026.27269314318, 3028.779759691193, 3022.5868226924135, 3007.9328604562966, 3027.0747491597776, 3008.7711411722576, 2948.287986835233, 1672.1930938789217, 1696.3442630208415, 1735.0577363248399, 1723.7189059010677, 1694.748531140842, 1693.4639821136516, 1697.9857791225159, 1692.2847749301363, 1671.553218069205, 1671.8403242211625, 1669.9371468231016, 1670.7454561856352, 1676.8717785716112, 1676.9956852966554, 1666.4317346691598, 1658.7920152204854, 1661.2427131459517, 2819.2673215892455, 2953.4580178836077, 2966.5624859513664, 2981.775549746478, 2992.038471527498, 2982.2718713420018, 2940.585421429028, 2898.3495408582075, 2891.2841709508543, 2901.5957489735365, 2908.358496509911, 2900.4737288816928, 2889.4641101926386, 2901.320079706387, 2922.4583491713674, 2946.1067834380724, 2964.457121832188, 2973.3719454078764, 2974.216381962441, 2978.832331404845, 2992.2142742517476, 2997.8468858760402, 3002.871866396415, 3002.264909356615, 2613.8437186581828, 1655.0510250822692, 1649.4579751033612, 1646.7994965155958, 1656.075137067275, 1680.2039864407434, 1699.2414639589024, 1700.4877891953888, 1696.554106826124, 2865.132048732599, 2865.938384637687, 2856.633985316503, 2866.6811573486852, 2870.722552576255, 2892.479409019801, 2928.9207436814445, 2936.919214403786, 2947.1048286534015, 2991.5909225705645, 3024.431976261499, 1949.8822307672535, 1674.1102995685173, 1677.1308029324323, 1686.6200333091383, 1707.7923969010285, 1731.370422712685, 1754.4900142727133, 1753.8968744372412, 1745.4963542370676, 1756.4888017627268, 1752.713421575765, 1735.7915317251445, 2872.1368439832827, 2905.189536935023, 2929.5116346431223, 2959.9207435547464, 2967.4402226000216, 2946.6563632533234, 2915.1819539612065, 2903.980146775932, 2916.68014935491, 2934.818875395027, 2948.253478210381, 2956.425899047145, 2955.8588612241683, 2955.0396406826167, 2975.345955060483, 2997.5477812840572, 3009.7585521510946, 3013.100815524822, 3012.6205544116883, 3006.5149329097244, 2994.963211432256, 2990.877195785063, 3001.969982175469, 3015.6311384960673, 3019.7673055094565, 3017.7190403898553, 3017.462626983803, 3022.506798284051, 3023.513608915351, 3015.5560011579532, 3003.32814878475, 3005.671968008503, 3022.1121437869147, 3030.541959372019, 3025.605875865548, 3014.5505913134766, 3016.280449928256, 3015.3367098294457, 3001.5351373685194, 2984.4894383934375, 2973.5591185189583, 2468.76481030525, 1728.83674267441, 1709.8752270114196, 1680.6778299037712, 1665.6872035242445, 1671.6808636605947, 2541.4639702176273, 3000.9429468612793, 3116.9938871903046, 3118.4314701607727, 2956.4434162190464, 2947.2265618189736, 2972.056426949484, 3005.335125296631, 2947.8264130134244, 2912.283637771742, 2935.642111883744, 2941.349340768884, 2928.476255332315, 2934.4533272846343, 2943.1780159789137, 2941.306126981427, 2822.180833948142, 2541.5094000366244, 2610.0382212661643, 3131.2212716047934, 3072.415270338236, 3027.029906918087, 2609.6068747643226, 1664.3980661667233, 1679.008797131496, 2762.4230931151264, 2892.892464937997, 2876.2719288911107, 2880.3719258032434, 2857.308546658956, 2790.0485955459885, 2822.7847654168563, 2880.8551602341863, 2916.8229935420377, 2931.3407136227943, 2937.3576356061576, 2936.344279650941, 2910.004361951308, 2842.049235994977, 2807.9838213481366, 2812.968126049692, 2804.056632221031, 2790.465571928502, 2831.6134073865805, 2812.126675883106, 2784.8341743833826, 2780.403254531022, 2785.936768042856, 2792.0707212084967, 2826.3815668864772, 2928.8515031474885, 2973.1954516280057, 2906.113550954937, 2911.012766322768, 2944.771868260366, 2971.1424681784415, 2972.212780189239, 2928.074447471926, 2899.1096082841996, 2822.235828295259, 2773.702236000947, 2901.3804519337864, 2062.2743601699326, 3079.224028355226, 1580.6603760708151]

F4 : 
---------
[3749.04899313814, 4313.082869459061, 4224.6716840919835, 4223.377169702226, 4258.793609741244, 4114.977156938955, 3899.539135221164, 4099.538094021612, 4266.975074397267, 4214.370883257079, 4169.846736322804, 4196.38793345443, 4262.331664800174, 4204.735014059743, 4073.0769033458823, 4043.598346263236, 4018.3477937046796, 3974.4267671333355, 3962.049491114213, 3969.5792053505334, 3912.1773437306983, 3686.6542900118598, 3533.816696258189, 3539.053706277016, 3479.8242305190606, 3416.294295564422, 3476.50943765555, 3442.664069321199, 3340.7824013307704, 3328.4914098659915, 3326.5485344259, 3423.100742773325, 3484.7824531719602, 3510.1307335512347, 3626.188113111069, 3688.008379468873, 3687.8001880598567, 3396.340281487661, 3134.6041216139365, 3130.4195138998443, 3750.3739921485208, 4488.0257735094765, 3662.1009652801035, 3146.2058440482547, 3154.627292073483, 3160.6998564356363, 3164.033321786745, 3148.425475734791, 3123.234530314905, 4297.89224588409, 4234.949883353697, 3166.0553915376277, 3853.6191837556125, 3933.69957316279, 3924.929471451884, 3953.814472428659, 3959.422247666563, 3955.8122149481146, 3975.0182031512986, 3975.2661581634347, 3973.2701560876794, 3994.2609762825227, 4016.675916755977, 4001.3877433726107, 3338.9692857074106, 2940.873514081353, 3009.0828138077054, 3022.336274749867, 3037.0741995324106, 3054.151757224136, 3037.885522790105, 3021.091331086857, 3014.164412661234, 3017.812745087681, 3006.9698722255835, 3002.725796012346, 3015.4564287825315, 3025.879142259054, 3023.352954380871, 3024.0341465608712, 3050.768924783523, 3041.301858017845, 3009.9831249605995, 3931.4743611656854, 3111.5225867194263, 3074.0472262739213, 4104.279854365204, 3063.652164196295, 3094.3339377364678, 3041.5232195954277, 3086.639957766871, 4126.451611321691, 4147.879473398202, 4160.564885455326, 3570.6884368952856, 4141.056920629168, 4123.747344912819, 3898.8641934347957, 3880.5510859615406, 3862.1576441881625, 3833.4095530477903, 3167.58013321877, 3064.2417234572936, 3129.110372285448, 3191.509372178119, 3132.743623691228, 3105.9161428590087, 3137.325798645191, 3252.092650806738, 3268.647527877401, 3104.914048182092, 3845.6749614120668, 3849.8292877135254, 3846.1880606227737, 3847.905563339471, 3847.33314434582, 3853.998506069936, 3852.6224918180274, 3871.532941076424, 3892.451036191788, 3892.3749751744654, 3873.697261537107, 3846.6987455548865, 3025.2761291003753, 3034.6236849649695, 3033.1640932889563, 3034.5752936721437, 3062.4266342483097, 3085.9961395385067, 3103.637443797074, 3117.91384532191, 3891.4540278264544, 3882.6449080302727, 3888.5126680601293, 3901.044462003467, 3663.1560086310315, 3063.9817740991584, 3077.6459759377926, 3086.3881039048565, 3084.1103326144025, 3087.5826193198677, 3092.781813668136, 3095.489491211891, 3099.288711108248, 3288.0087906200615, 3858.05059363478, 3856.3700395779074, 3855.7891158796024, 3853.756454235092, 3843.724932681153, 3830.955703341049, 3819.6195178298653, 3813.568617057975, 3814.9617530150717, 3818.6637976818315, 3823.893674108244, 3832.0437524584295, 3267.2896198916947, 3215.3600896273365, 3193.1090603672765, 3772.725644339263, 3271.3935769191007, 3316.524602213924, 3875.418572452313, 3912.291962044895, 3925.7703012655197, 3843.1866966500265, 3759.1140634101534, 3734.6749706649402, 3734.318784636468, 3756.3398742387635, 3012.8490267727843, 3118.8273750242747, 3102.5163666017747, 3009.912548397002, 2973.8562320169344, 3003.3327936210876, 3110.5731286367204, 3150.091234936024, 3020.6146589120794, 2944.721906459595, 2956.1635346749986, 3002.0448413156123, 3043.3195804379266, 3002.5022051181086, 2951.4435233808363, 2926.1627749515806, 2928.7981009927016, 3716.6949723458733, 3773.3066578966573, 3786.5168757583815, 3821.250471164206, 3837.018619791558, 3839.0404902133464, 3836.6217919356754, 3829.7477402456443, 3816.1149203598306, 3812.5063609891176, 3819.763022071958, 3816.9909994320014, 3808.2631080774354, 3800.0145686351307, 3797.020649333926, 3788.8197022485724, 3776.96263002222, 3774.0681783238947, 3774.4434741990567, 3778.914920432235, 3776.9998640297877, 3766.0241997420835, 3764.5904354900817, 3770.9265446794207, 3550.4600307828982, 2973.5693023469325, 2952.7918739157117, 2931.668586379629, 2907.8765465513743, 2908.5493709533953, 2946.8865147570773, 2965.5015938749684, 2939.29243607738, 4047.793333918431, 4048.4553118307913, 4061.173685857041, 3964.920179513174, 3893.671713815254, 3838.1149132175387, 3798.881915787727, 3812.2073626999795, 3810.1766133213087, 3810.7884555134597, 3858.5453225297233, 3128.994185132499, 2899.602799780081, 2926.222962825143, 2938.4419149474247, 2950.817180527775, 2962.7056406299375, 2945.285658084508, 2938.5964266176825, 2922.8923459419093, 2907.6114721332733, 2913.9996837204926, 2919.23697255436, 3810.204302119985, 3828.299210789915, 3815.7267929166323, 3819.694139171666, 3834.250911251552, 3848.3511319718814, 3848.6240709470194, 3836.2657946144413, 3824.688658475957, 3832.075216555261, 3862.352512759857, 3874.9792781539327, 3861.4143668899646, 3853.603435740018, 3852.0278415842563, 3846.910233836168, 3833.9823104044417, 3825.726781038104, 3827.5057288133294, 3845.4289142877624, 3866.755265919692, 3851.416941876198, 3823.2785411854256, 3829.728011041644, 3859.285422436892, 3874.2860036201387, 3857.0071387455237, 3821.174182500815, 3800.9999520583624, 3795.984480006222, 3807.5208210007595, 3849.9975298846816, 3884.083180614671, 3868.526669810209, 3853.1104243760856, 3861.2382325385315, 3863.2863787626848, 3852.035205264053, 3850.7679492136244, 3863.3351883418545, 3861.1359545568216, 3487.570474842266, 2956.210118178781, 3016.252573555352, 3070.715919857919, 3076.8254598343087, 3075.9448852229048, 3599.500303035946, 3734.055455367046, 3683.5841635421257, 3265.3895758833846, 3873.6808048531802, 3774.7028687325947, 3736.7370952594124, 3734.2072536980304, 3722.219183360535, 3657.202533751552, 3753.489803201829, 3934.3799456050037, 3911.8104166563003, 3835.365278111231, 3797.531741787512, 3817.2028443026416, 3713.284177863039, 3609.9325779326036, 3488.415159667949, 3416.566402930126, 3924.5118370315813, 4043.7837220888296, 3668.976216662072, 2997.4064426215364, 2993.233117390679, 3733.3023084066963, 3721.9111347268718, 3651.7556238863317, 3572.558851645175, 3410.518306201383, 3492.6246478204407, 3557.300649825579, 3614.9041339491564, 3687.7116493268227, 3719.531400595484, 3748.532076786651, 3761.5511430411793, 3711.5305476905455, 3616.9051160021118, 3572.0301127574457, 3555.9276583623932, 3535.18778837156, 3486.2518680935164, 3503.5064370308132, 3540.410972821941, 3525.1813778185665, 3503.0226874265863, 3500.284710886644, 3492.0121097865654, 3445.9566781871868, 3337.028089505092, 3295.7350377659154, 3307.9701969221396, 3230.1770351925156, 3315.859885270257, 3424.43394645817, 3335.539763721088, 3201.4512589770056, 3171.8766187663705, 3161.0919531262216, 3205.2758104374884, 3013.488401270116, 3039.266866742128, 3152.9425397592436, 3058.5350949149883]

Mean of Formants:
-----------------------
F1: 934.8394166171838
F2: 1526.7589690707662
F3: 2582.9426578102775
F4: 3554.8073912734935
-----------------------------------------------------------------------------------------
MFCC: 
-------
  Object type: MFCC
Object name: untitled
Date: Thu Mar 12 13:17:02 2020

Time domain:0 to 6.192833333333334 seconds
Number of frames: 1233
Time step: 0.005 seconds
First frame at: 0.016416666666666354 seconds
Maximum number of coefficients possible: 38
Maximum number of coefficients used: 12
Minimum frequency: 0 mel
Maximum frequency: 4000 mel

-----------------------------------------------------------------------------------------
Formants: 
-----------------------------------------------------------------------------------------
Object:  Object type: Formant
Object name: untitled
Date: Thu Mar 12 13:17:02 2020

Time domain:
   Start time: 0 seconds
   End time: 6.192833333333334 seconds
   Total duration: 6.192833333333334 seconds
Time sampling:
   Number of frames: 2458
   Time step: 0.0025 seconds
   First frame centred at: 0.02516666666666678 seconds


Matrix:  Object type: Matrix
Object name: untitled
Date: Thu Mar 12 13:17:02 2020

xmin: 0
xmax: 6.192833333333334
Number of columns: 2458
dx: 0.0025 (-> sampling rate 400 )
x1: 0.02516666666666678
ymin: 1
ymax: 1
Number of rows: 1
dy: 1 (-> sampling rate 1 )
y1: 1
Minimum value: 64.17592865628703
Maximum value: 1611.8608373875884


Quantile of Bandwidth : 322.16647901169756
Mean : 915.3212280294813
Standard Deviation: 182.39482039143897
-----------------------------------------------------------------------------------------
