-----------------------------------------------------------------------------------------
Pitch: Object type: Pitch
Object name: <no name>
Date: Wed Feb 26 02:35:13 2020

Time domain:
   Start time: 0 seconds
   End time: 6.413 seconds
   Total duration: 6.413 seconds
Time sampling:
   Number of frames: 638 (189 voiced)
   Time step: 0.01 seconds
   First frame centred at: 0.021499999999999738 seconds
Ceiling at: 600 Hz

Estimated quantiles:
   10% = 128.179837 Hz = 115.221821 Mel = 4.29803206 semitones above 100 Hz = 3.72905423 ERB
   16% = 128.902517 Hz = 115.807599 Mel = 4.39536518 semitones above 100 Hz = 3.7468328 ERB
   50% = 132.710575 Hz = 118.884004 Mel = 4.89939998 semitones above 100 Hz = 3.84002146 ERB
   84% = 142.410306 Hz = 126.643236 Mel = 6.12064264 semitones above 100 Hz = 4.0737231 ERB
   90% = 146.117061 Hz = 129.579758 Mel = 6.56549571 semitones above 100 Hz = 4.16167736 ERB

Estimated spreading:
   84%-median = 9.725 Hz = 7.78 Mel = 1.224 semitones = 0.2343 ERB
   median-16% = 3.818 Hz = 3.085 Mel = 0.5054 semitones = 0.09344 ERB
   90%-10% = 17.98 Hz = 14.4 Mel = 2.273 semitones = 0.4338 ERB

Minimum 127.015866 Hz = 114.277037 Mel = 4.1401047 semitones above 100 Hz = 3.70035624 ERB
Maximum 471.637088 Hz = 340.583831 Mel = 26.8521261 semitones above 100 Hz = 9.91537763 ERB
Range 344.6 Hz = 226.306794 Mel = 22.71 semitones = 6.215 ERB
Average: 147.724365 Hz = 129.021114 Mel = 5.98286593 semitones above 100 Hz = 4.12207141 ERB
Standard deviation: 64.07 Hz = 42.4 Mel = 4.293 semitones = 1.168 ERB

Mean absolute slope: 405.1 Hz/s = 275.3 Mel/s = 30.52 semitones/s = 7.695 ERB/s
Mean absolute slope without octave jumps: 13.04 semitones/s

-----------------------------------------------------------------------------------------
Jitter:

localJitter: 0.019760267051466027
localabsoluteJitter: 0.00013448284360554312
rapJitter: 0.01009868934154335
ppq5Jitter: 0.012586500756758899
ddpJitter: 0.03029606802463005
-----------------------------------------------------------------------------------------
Shimmer:

localShimmer: 0.09468762655134308
localdbShimmer: 0.9927503204804343
apq3Shimmer: 0.0368784119734678
aqpq5Shimmer: 0.046616940842520556
apq11Shimmer: 0.09467087911678135
ddaShimmer: 0.11063523592040339
-----------------------------------------------------------------------------------------
Harmonicity (auto-correlation):  Object type: Harmonicity
Object name: untitled
Date: Wed Feb 26 02:35:13 2020

Time domain:
   Start time: 0 seconds
   End time: 6.413 seconds
   Total duration: 6.413 seconds
Time sampling:
   Number of frames: 630 (175 sounding)
   Time step: 0.01 seconds
   First frame centred at: 0.06149999999999977 seconds
Periodicity-to-noise ratios of sounding frames:
   Median 13.8701746 dB
   10 % = 4.80233685 dB   90 %% = 17.7428355 dB
   16 % = 5.98822715 dB   84 %% = 16.5996625 dB
   25 % = 9.09041779 dB   75 %% = 15.4608554 dB
Minimum: -2.10810595 dB
Maximum: 20.6899347 dB
Average: 12.0021329 dB
Standard deviation: 4.93732608 dB

-----------------------------------------------------------------------------------------
Harmonicity (cross-correlation):  Object type: Harmonicity
Object name: untitled
Date: Wed Feb 26 02:35:13 2020

Time domain:
   Start time: 0 seconds
   End time: 6.413 seconds
   Total duration: 6.413 seconds
Time sampling:
   Number of frames: 639 (177 sounding)
   Time step: 0.01 seconds
   First frame centred at: 0.0164999999999994 seconds
Periodicity-to-noise ratios of sounding frames:
   Median 16.1332638 dB
   10 % = 3.78803409 dB   90 %% = 20.140924 dB
   16 % = 6.94214177 dB   84 %% = 19.156079 dB
   25 % = 10.6453121 dB   75 %% = 18.0588858 dB
Minimum: -5.14794835 dB
Maximum: 23.8986682 dB
Average: 13.9995644 dB
Standard deviation: 6.19519392 dB

-----------------------------------------------------------------------------------------
HNR: 13.999564434303467
-----------------------------------------------------------------------------------------
Glottal features and glottal based spectral features [formants]:
 F1 : 
---------
[597.8416705989229, 579.367981168447, 549.7638221935185, 545.9887099794385, 535.2440974446106, 533.865665227323, 539.0361735986382, 538.3585519223266, 533.7619089969605, 529.7787196739039, 523.3431718235568, 498.27354670669115, 457.55174324141575, 330.36110060495844, 352.2838140888786, 361.1716930624829, 347.7713859914996, 318.76128405591317, 309.81401949435065, 320.25072757031575, 326.8911966544343, 338.26701725596274, 409.09007772791244, 444.3357726962636, 481.49621723638927, 494.91531527846024, 499.9381690174709, 497.2959117850136, 495.8443189701599, 497.89961867068143, 494.95774901512266, 497.741081620812, 495.62972999208347, 492.1802189625164, 493.48066593558315, 482.9306875537894, 474.0487437666991, 466.09034538456064, 461.0238577944564, 441.99302285766663, 448.973734928571, 429.81159843614927, 440.63370345407424, 475.0943752337674, 511.07567612696363, 515.073183205778, 524.5503259055546, 479.5081839599619, 474.46075201588667, 471.4569491159884, 474.1949436104631, 485.83723869837684, 504.6459472598496, 523.9752239618343, 533.1595933298038, 525.2383504702809, 514.1046361807329, 505.30261808073766, 496.37861424327195, 488.9017034966969, 484.08483854423133, 485.745844910531, 456.49044091402186, 441.6335351371619, 430.03384131392124, 418.4087231028074, 427.88368705110753, 435.17444269788166, 448.72201479275503, 464.24063011746335, 474.6035910036071, 482.20753898809596, 490.1411469615609, 492.53849911503244, 488.0811718150954, 487.5588766002677, 491.1261329431732, 494.6135816340256, 489.3981157394283, 490.4891683778723, 485.7537148139155, 461.47641284725705, 418.6849290862938, 317.5167379969317, 295.9929592082127, 292.16512144747355, 294.8776539489578, 305.4242338814643, 307.4543850013919, 297.83347991601505, 298.3947177225336, 294.57766938042903, 352.6031962006352, 425.2769641940476, 452.1158010400066, 479.1362544341314, 483.9713946999349, 486.18796312448194, 492.00405277854753, 498.73214471094377, 499.56517029084347, 500.56943427608815, 484.09616518561074, 483.50804876391834, 478.498437306077, 481.182878831022, 473.55476381193546, 471.80819752721123, 455.26906101275364, 444.8525272133083, 439.7756580081846, 454.60566709163993, 466.3808100542774, 451.07938107416425, 420.8776584848528, 617.4969114877413, 553.2013285909306, 514.4485666995921, 516.8785329668809, 524.4964384013252, 537.5660893673206, 540.3756558264093, 539.6012060416318, 535.919956760791, 535.0515081725596, 533.5731270710621, 531.3805101728211, 519.0073093307059, 515.5049981142989, 501.63619963891097, 465.46705766156697, 353.9621092929556, 308.10300831484926, 315.6008845505154, 321.37501146695627, 308.90775700222304, 301.7683979540404, 285.8118006154064, 288.6710760539993, 310.96882645303856, 370.7487599582975, 412.40872477178846, 434.0570138230974, 453.3575426028073, 466.4695904028, 463.67241644673396, 466.1005804731516, 464.72235967874167, 469.9553797452365, 454.9566617634679, 456.71256800521314, 449.6784692262345, 459.94854374218545, 455.91998040049657, 450.24879195879623, 450.4420087344016, 439.78926364889367, 418.5199543789561, 396.9266004185801, 376.1093721849556, 389.24027909790374, 442.54666043991796, 527.1909042339728, 904.5392234450844, 1135.0463622492746, 439.6467289991064, 421.5862594679263, 407.83300917371264, 398.87378483590265, 394.3443643046079, 391.1787884392646, 396.3919699273921, 404.332622409449, 402.09917766420864, 397.8529899157822, 397.8798290048093, 397.51625218022895, 401.0101511325473, 406.7842172317638, 407.98323626631094, 410.2083175783332, 408.45352765289135, 403.84763361102034, 396.966632321947, 328.82979885361885, 306.372793311617, 296.85368051935046, 294.94815081217547, 288.19469998658406, 287.81909164671714, 286.26643974929607, 283.84454157311933, 273.8637474571891, 284.0428793923404, 306.0724310831827, 366.86815300887787, 399.34732749512216, 406.35986585077427, 410.85306637559694, 413.8946728666283, 416.28180172866865, 440.73378606981044, 443.43356210571096, 440.5740116133483, 434.76655821719606, 422.94066464174347, 421.4376547706975, 409.0440577988423, 391.9146675227979, 396.40922400653307, 425.39958674675063, 414.9371457361296, 403.8169438413142, 456.00131164148456, 441.43673360594687, 700.8331469221372, 691.2780716389507, 630.4377132363664, 566.6153503451329, 536.82720552993, 533.6421986729036, 535.639258888774, 528.460820181461, 527.4533664515378, 546.74760591547, 609.4243268660892, 743.5799206603292, 694.0659452721483, 636.4969901192746, 607.6062544219051, 602.9799178540047, 600.1745224975142, 575.9501752341976, 550.2194484500397, 536.1100064571816, 533.7716221725843, 550.6566202325636, 413.3555130991367, 404.90213418526173, 395.755538735073, 393.61611691110727, 383.8515273606933, 368.72547383071543, 364.20903221319196, 368.160116090115, 366.2967304775147, 360.57984757916694, 355.72378715419546, 353.22630155050047, 352.7192082732112, 351.30456337491137, 354.3151044640366, 325.65826511392964, 297.53924572397705, 293.4272764134698, 289.7833221022566, 286.42339900629514, 284.885230153909, 283.00512762912905, 282.04575456729475, 273.7887030122483, 277.91330703639056, 279.7938225404202, 332.94272950308266, 396.66350515090795, 413.34181109719555, 423.53750867092634, 428.9804217250494, 432.1946855139541, 435.93061131336196, 439.98088594407585, 440.4211321352802, 447.84897215851805, 447.3283786911088, 438.57868964931976, 429.6505259787497, 419.077483846403, 418.22319816587014, 410.9657664576097, 393.72884082198254, 385.85171988431745, 369.31828302747914, 322.9123085698616, 256.32219411042104, 1142.4518913226434]

F2 : 
---------
[1858.9490283610894, 1785.339175082051, 1724.2519420747326, 1741.4478797604227, 1652.1136158198785, 1700.2050846831685, 1724.884005505232, 1710.9764100430498, 1652.752940645078, 1670.320258729171, 1685.144600879925, 1693.4326948721791, 1645.808078486478, 1647.894001563662, 1698.702616258525, 1712.705863666789, 1688.9370886708089, 1654.1659310664445, 1670.7542193733677, 1670.3060170528724, 1654.0595347610217, 1676.0671355644597, 1715.827275923095, 1755.7343929434192, 1738.4488363927985, 1708.9745942696568, 1679.9563925887508, 1628.5328901455086, 1532.2793046910167, 1526.5554693728634, 1491.107849924291, 1451.2909454649498, 1431.9443442132933, 1425.6285070276942, 1447.6869067965933, 1339.876899105779, 1308.8159535015163, 1309.7412896724888, 1299.711871289248, 1279.3034894938862, 1281.6397378241445, 1286.4182958024585, 1287.6197160257518, 1314.9763702196544, 1287.9557887196077, 1328.4560395241494, 1472.8183949017862, 2099.2379157702258, 2145.7819654344985, 2181.01855784606, 2201.5666020279255, 2205.697748848341, 2199.2374584655313, 2195.0624993230927, 2200.1959064447447, 2214.482468186262, 2229.6036008994797, 2239.229573240673, 2241.8788268522944, 2231.5978612003314, 2211.220896414732, 2186.7877358640226, 2180.7796497332556, 2106.2805752305203, 2084.820255468361, 2112.0330401768047, 2074.178721066833, 2003.073282759579, 1980.4712984120604, 2042.2277457468847, 2061.5779931884367, 2052.9281046883025, 2021.3770172215245, 2036.4716025562207, 2054.100555166309, 2034.4009869838956, 1997.7831314147866, 1970.8761069692205, 1945.2100109014768, 1929.3520432064008, 1880.4619728944217, 1796.1976042977851, 1729.0889835747894, 1776.1947340154843, 1774.4238336462035, 1725.9255015888855, 1690.3890512471187, 1662.4994756943304, 1654.8537953820728, 1646.9483767733232, 1632.5046777994878, 1591.3185265312495, 1533.083110431827, 1518.447930685485, 1463.279518258659, 1425.2243339832598, 1349.468515205983, 1270.6189136559758, 1259.6471317902267, 1263.9086802394256, 1252.3476985217635, 1224.7195204286984, 1164.5370748742982, 1153.994081986452, 1151.3980693264227, 1182.8892113494426, 1154.736360751936, 1193.4054809868794, 1159.2568955231884, 1129.6014731343487, 1083.6337049194256, 1155.1982493991052, 1179.0983234454095, 1220.0923482529683, 1225.36345426043, 1449.5371034879354, 1518.483938082734, 1551.8331676484743, 1594.764974504755, 1604.8202302807008, 1615.0565881959976, 1639.2006892460865, 1653.155508930061, 1667.7778474324873, 1668.5227412313507, 1668.0810865958204, 1668.0588664051825, 1656.6599100106453, 1679.4759068489063, 1697.00932131469, 1679.3509588404083, 1693.050955487589, 1713.045274171115, 1656.9389466573173, 1654.3734362481232, 1670.7073226205837, 1679.9351365864436, 1672.4569303615042, 1660.268840195104, 1639.5857358416386, 1671.513670131041, 1643.0786357379966, 1603.1075658002228, 1576.078234995717, 1532.5465829143784, 1479.994860857839, 1436.1036497823018, 1386.0499262332971, 1363.7416682858752, 1274.4723742750032, 1261.0636899292235, 1231.4751159740608, 1237.0232336734753, 1219.8278958329981, 1203.9743820491017, 1183.644567860362, 1169.8301651779632, 1168.7473319387686, 1146.1990580802328, 1139.1970895333386, 1160.3115061178923, 1169.6708349823302, 1210.9813683649902, 2207.2881677439996, 2522.0101375680133, 938.9125389289475, 937.2350239806389, 947.9466902955113, 941.0168925162615, 873.5720776718005, 859.1967453177454, 870.1195496058765, 881.0093908585227, 899.8293689087932, 907.9451922000608, 929.9087346904583, 956.8854134466907, 987.5689391510858, 1017.8425355592914, 1056.0567182646857, 1133.262288444754, 1197.846418197285, 1274.2644944522974, 1370.0871286614895, 1496.5863778583375, 1636.762374833095, 1570.5556499322129, 1632.180905121344, 1695.7316030125662, 1705.0592947395733, 1708.6383687129653, 1695.8390071976876, 1703.7027241242386, 1701.067971263819, 1694.8953011444157, 1527.4627248072575, 1454.466510258665, 1417.7004913861301, 1365.5843952622, 1313.9410579986368, 1273.687018068393, 1251.4371939011069, 1172.9755494722945, 1123.948908098014, 1144.514432566423, 1136.919145986947, 1140.1805560400287, 1143.1453843347992, 1137.5956395086996, 1095.9830893719322, 1190.5012167991524, 1216.821082923339, 1193.623032920436, 1220.6349908287873, 1305.394266107345, 871.3859686074785, 854.0514250333953, 907.2043615822897, 969.2695738208541, 998.3584405547136, 997.500428834719, 967.4641183957469, 948.1907782208285, 946.5033504476909, 944.4208721126009, 910.8349499633928, 776.8441057853918, 783.4215243141414, 798.6662173934799, 785.5780058017899, 762.4678665231608, 779.0689173972053, 843.0106297763355, 897.5508266291733, 906.7003221893657, 878.5101621155933, 832.613043282509, 814.5247747863394, 829.928452600788, 830.7409837958771, 843.8632719919594, 856.2268333250586, 874.2539621564129, 889.1098361937712, 903.2446538071468, 921.4656851594074, 962.4840525644992, 1048.051570559387, 1093.8340762191451, 1168.9685685005863, 1231.72401908774, 1290.685363310816, 1370.7742464850085, 1397.8964119117877, 1433.4712807723777, 1481.2808805777515, 1522.3097830870756, 1524.588308553557, 1546.115252691113, 1552.191131413919, 1521.1644040764552, 1472.974597174088, 1440.7510039277747, 1438.7605643354602, 1422.611282179075, 1358.83833372572, 1332.7000856065285, 1277.3508864618773, 1240.3271002854103, 1179.2785522182987, 1156.0550897003359, 1136.5850707557486, 1129.427570958772, 1105.8300002136455, 1068.753961942547, 1030.9336093514044, 1014.8861224384922, 1046.0124347940027, 1067.6061192847615, 1105.7788717118196, 1103.6814580030416, 1095.9420438072411, 1135.910914599089, 1267.0870511123871, 2505.950443644402]

F3 : 
---------
[2713.659910561777, 2670.3138294675705, 2697.0108123174464, 2748.1073073632538, 2359.4052965481637, 2695.3834380164076, 2705.3257731423178, 2658.300173093338, 2739.120772503753, 2749.63582443063, 2770.813237166864, 2771.766496563758, 2694.747023603899, 2647.990175527355, 2717.081094463349, 2830.5490883520624, 2764.713250743514, 2677.568950832795, 2678.823931296098, 2640.077294545758, 2617.5237228435794, 2577.0610477155597, 2574.196196979769, 2573.8745123440067, 2531.0298007068736, 2566.77094124239, 2541.1404984667756, 2571.0213774510376, 2542.9357823609303, 2517.4577819462997, 2542.1179216456912, 2565.348342833462, 2547.298260815212, 2553.008890617125, 2525.7340225803814, 2518.0221916539945, 2594.419948137786, 2594.671284991954, 2613.7141242120642, 2574.8651961288715, 2644.4358750780575, 2641.7351726467273, 2585.0109194414176, 2534.2336969516864, 2728.6628125639572, 2612.017789163823, 2425.8061922631914, 2873.1423345054304, 2871.268754806988, 2865.913210579713, 2856.673450312627, 2852.9770218467957, 2854.3499195381673, 2857.7075189831644, 2860.1408823129536, 2864.345792561503, 2879.750155750143, 2782.048363588787, 2718.021800209312, 2826.7472873154097, 2901.4959008395567, 2900.37716062463, 2830.264811666708, 2812.601768028487, 2852.8502392632768, 2808.9220381685964, 2637.3425431161513, 2889.7004884735265, 2905.7241319699924, 2857.805185135845, 2836.067406287267, 2845.4358665096547, 2843.9072455728274, 2808.620193352139, 2840.57238259144, 2852.4927120691837, 2832.448545294032, 2816.6501753626485, 2808.045357898419, 2805.269283084906, 2809.2908458510037, 2786.1366905279992, 2691.0473014513336, 2593.298967983276, 2690.0029369430426, 2696.2131560477055, 2689.6055236754687, 2667.7425917299274, 2688.8331715386576, 2744.5622875870386, 2735.198640707504, 2874.165063233723, 2906.9738506124013, 2744.2989339750293, 2668.5344616698426, 2688.332218328853, 2661.6649179866804, 2718.214460726196, 2673.838579947877, 2702.0068434754025, 2678.1781042823486, 2673.5679495124255, 2712.431480048196, 2684.4838938012426, 2665.482343319813, 2651.143987581944, 2599.9302833250567, 2603.0817270962775, 2613.061287272989, 2661.631227423128, 2629.625220881977, 2491.3906084559317, 2518.3579703778646, 2524.8682100349483, 2614.094814826077, 2583.3098186260113, 2521.683843535131, 2579.4373462142257, 2591.4588065286775, 2625.0896545883033, 2707.1867029738983, 2806.0470329081563, 2807.3014039927475, 2811.089080230852, 2823.862980787396, 2822.981231272885, 2828.3634874169015, 2817.0843264977652, 2825.028158708432, 2870.021990038698, 2703.891348450548, 2749.3839629527665, 2670.0729032788786, 2617.154653027332, 2598.3881765239576, 2627.544551639308, 2627.781562337959, 2577.591215238455, 2553.615351827442, 2572.1382277779785, 2646.098401975794, 2621.2339443307073, 2572.039827802793, 2570.256002617025, 2589.5362498421086, 2579.236629322622, 2625.8812028904035, 2666.3469117594377, 2705.4844472455247, 2572.257086862475, 2620.3297819643863, 2671.864067065084, 2660.319708644247, 2676.51595947331, 2701.705942111821, 2636.8685515601196, 2585.0063186472144, 2452.0082047708834, 2524.671889135363, 2619.142885435944, 2585.0872207108278, 2584.746618864824, 2516.2325730147927, 3330.3657831345954, 3330.9436563207482, 2635.555927836604, 2488.98220298743, 2752.051011374718, 2571.08786563283, 2550.198739667407, 2571.3018299454434, 2806.682743031864, 3064.155823081861, 2847.0324296293875, 2593.5677755991674, 2576.542987179128, 2607.5613335124003, 2568.8532205020806, 2611.1052494676646, 2616.178362123663, 2551.3523798793826, 2490.9290540106863, 2457.336351407228, 2446.183913952751, 2456.0609499025086, 2539.7695749363943, 2584.675394765589, 2638.1495135065916, 2766.506157663793, 2828.9632009253205, 2954.424825499458, 2705.6338571595033, 2578.1593219024244, 2424.31325950824, 2184.9779381300214, 2597.8574781481775, 2531.4186426839533, 2488.5581248975564, 2438.6614319517134, 2519.07156540788, 2507.106500058209, 2627.548185755435, 2549.6628253049253, 2618.27797937483, 2668.264651434439, 2637.8370134001098, 2618.204830786157, 2594.927584747068, 2377.7279127753345, 2524.4330740061446, 2487.893990858629, 2515.1018578685585, 2535.4337689944095, 2552.0543904292736, 2485.938260940171, 2213.980339558185, 2179.5620345730395, 2207.981469414552, 2233.292413514327, 2238.8601242097807, 2237.0632163635587, 2258.916664006925, 2312.790671607862, 2376.5381280757438, 2415.427770679866, 2438.6374822404587, 2502.014084511248, 2485.957673058113, 2433.5323334243913, 2410.127937749761, 2431.3025798354884, 2486.203578931546, 2523.4045845689375, 2512.8403890511067, 2461.517955945048, 2386.0843474324774, 2321.170263302093, 2530.6320605366695, 2694.4400697980827, 2623.7616014163887, 2613.6425513396994, 2678.7872632107897, 2726.826005213667, 2652.5429310439267, 2620.591776433101, 2637.990474352614, 2576.911935628706, 2519.6968188937885, 2476.564907441079, 2454.344837628316, 2457.927460698249, 2462.101121703521, 2488.4121374703573, 2520.0797003886864, 2568.5319494290143, 2548.99021239233, 2587.6885751341547, 2612.7527626497035, 2487.3057762734966, 2357.2105393993224, 2239.8128892150476, 2287.553082221475, 2508.1084942379202, 2456.565395000414, 2430.8875709138056, 2436.5624133331066, 2515.310358528053, 2521.592665229683, 2486.3809203943947, 2529.5595419346923, 2573.295609152009, 2547.6856594637165, 2591.7718059335434, 2528.091332430109, 2511.3346209411266, 2505.285928294749, 2578.05654126437, 2611.3009668846166, 2587.7995650685916, 2583.641861869682, 2551.7011416640485, 2532.31207793978, 2503.9294951009124, 2606.632147322184, 3275.109336353913]

F4 : 
---------
[3991.9861040399455, 3954.7752369746318, 3939.712573979617, 3915.3928246230857, 3469.4565371645604, 3941.6057675013867, 3957.822810819149, 2734.1719017472997, 3078.0113570045182, 2849.985087296074, 3015.3518530801, 3298.87446366492, 3613.64473564262, 3414.144831324665, 3510.5015508250262, 3655.9545020883797, 3878.2166820752627, 3776.989295740267, 3699.4361456788683, 3661.782472809242, 3638.39241646489, 3570.076843395719, 3458.7452824571596, 3509.9179974151048, 3764.5137951823654, 3788.702473612235, 3789.3085634600075, 3824.3054264004554, 3802.470733387719, 3748.5022118332076, 3761.0197500930453, 3762.8431345007293, 3753.4666924271028, 3768.9148945984384, 3757.7372996409094, 3736.7662453014605, 3718.3895953595556, 3723.0253577124945, 3786.250081432683, 3791.9656579791795, 3811.6273493364715, 3787.832618932713, 3821.3260806583976, 3795.3463909237644, 3840.445684032483, 3788.7141331306543, 3527.8896306422694, 3898.482964904071, 3911.7065206407456, 3939.0732824180436, 3967.2894356544252, 4013.504357776475, 4065.2379093689597, 4123.012300799851, 4177.998018716593, 4337.778491404639, 3404.2758709391946, 2996.836979956211, 2904.3645392145577, 2958.4767840198547, 3282.3517107772204, 4398.245004674682, 3862.436827487726, 3904.730244211137, 3345.435139216756, 2935.602192952687, 2913.3054193880193, 3006.8067762004166, 2914.206647544165, 2966.520109789532, 3013.034580685317, 2986.3167124507536, 3018.2139517701303, 3045.862664358988, 2920.037777916274, 2969.7347038608254, 3047.547693406059, 3202.979034111717, 3440.738490861466, 3445.790528553526, 3013.66874981346, 3048.7196771883323, 3364.055851641471, 3282.686781503853, 3345.29990478312, 3528.1130116478844, 3277.384949353462, 3394.3596513195107, 3297.3357582401295, 3207.2644044660137, 3149.166368260936, 3126.8606986541536, 3261.2092674977193, 3340.4437608564044, 3585.1697413548886, 3668.8886487157492, 3640.505717939502, 3641.3317182529963, 3665.5227571567116, 3642.2180344476274, 3705.741576980515, 3757.349251632815, 3822.260757529198, 3789.259499473282, 3787.4906334046736, 3757.851233509124, 3794.170987236973, 3834.2610046114823, 3903.2062859883986, 3917.6977162602316, 3680.484071840515, 3545.5908012378673, 3418.787975121587, 3613.0738550784113, 3805.33221679202, 3952.666879828047, 3934.7106058832755, 3915.3368581355, 3939.6141279295484, 3901.088267412604, 3879.7858369501314, 3875.9696009869285, 3685.697280250111, 3756.001116177643, 3882.126895581046, 3798.577092202715, 3794.857605910784, 3853.750397954752, 3861.6804975534214, 3174.5338818081123, 3034.5283201882417, 3224.5867198677806, 3326.782940621133, 3348.361850188351, 3492.794987115379, 3615.3032902741265, 3517.4505456520897, 3469.3395675636407, 3421.0503009687004, 3468.831348969687, 3417.3619015602844, 3350.5200958252894, 3368.7912913404707, 3584.1350060940863, 3610.0017747428205, 3642.9664430307193, 3675.9561042232294, 3682.7237563018957, 3675.7694538293317, 3733.6840751530526, 3725.235725517663, 3725.900356242903, 3800.2855495372273, 3749.339057888929, 3725.4509926665187, 3735.0473196876997, 3731.7680768095515, 3691.143010540727, 3676.8908013141286, 3637.4086437338374, 3883.4215258166782, 3741.1481258073204, 3603.9140364648415, 4415.497836383549, 4586.785070424609, 3804.489598831379, 3989.586826854305, 3934.2326086366497, 3921.0416503876054, 3916.020370249731, 3893.2035325076195, 3858.1646909885353, 3861.465836655453, 3870.769504223666, 3859.5811274220678, 3830.760110314886, 3804.686574605626, 3788.6818514538045, 3747.819817479474, 3667.6469604752483, 3579.445097561812, 3429.776091877707, 3263.876594085169, 3127.687407652737, 2994.5039076471935, 2959.7343138961587, 2984.6779841110765, 2981.726458157472, 2993.965918865903, 3043.863297899209, 3081.3131575625316, 3128.762930738994, 2987.4966658963117, 3004.007475508127, 3123.4325984410043, 3341.056116830585, 3403.3575285161355, 3551.4120180341856, 3596.4380690892012, 3601.007325480467, 3596.1564216857664, 3594.889731123308, 3592.692933840986, 3572.973217625636, 3568.9572400069137, 3586.1926989586163, 3592.656595664374, 3613.3211534962807, 3611.823982322403, 3583.227811217846, 3613.418120820624, 3468.4376323288197, 3497.525240354464, 3345.3518349974756, 3730.0384557672955, 3270.5924961656747, 3301.3166443185582, 3358.437979315641, 3406.442661137988, 3421.415229023812, 3387.5608522172593, 3350.1509190174766, 3341.9006700679392, 3355.1624876781107, 3377.8478135162914, 3409.633003312307, 3520.054469348198, 3539.401586696091, 3523.057483921423, 3557.9382597671865, 3661.358206700175, 3757.831282397801, 3764.125792245744, 3682.7548384428305, 3597.364358505731, 3534.9704901133628, 3493.9137403195355, 3760.9579416745187, 3840.0478883476226, 3851.545194499223, 3852.274906195992, 3868.176603324544, 3834.342526697725, 3809.779066038444, 3823.683771721207, 3785.7340350771074, 3621.923116056705, 3491.7081323165858, 3390.303804276568, 3261.981534591175, 3125.280266527422, 2999.8640904858726, 3025.488241235834, 3024.747772897464, 3052.209191069143, 3070.481815545929, 3107.299716688909, 3117.40251956554, 3174.858922107103, 3204.137364109311, 3222.6308546609653, 3315.6878402408965, 3390.331893757794, 3241.6678868763083, 3225.8978776414124, 3436.216162375656, 3518.3946258524265, 3537.0556400654636, 3535.0150642593812, 3527.8651970082574, 3520.116279572603, 3554.2641078811425, 3553.66802361774, 3572.1649849961914, 3539.706252241055, 3534.4017274246926, 3560.8969257701438, 3628.5116405187628, 3651.239507633722, 3621.426695435585, 3611.2498052736487, 3562.437243362817, 3541.818681187011, 3575.718706476141, 4527.289506463671]

Mean of Formants:
-----------------------
F1: 444.6338723747478
F2: 1432.6192646623213
F3: 2626.3742468169353
F4: 3554.8072660075277
-----------------------------------------------------------------------------------------
MFCC: 
-------
  Object type: MFCC
Object name: untitled
Date: Wed Feb 26 02:35:13 2020

Time domain:0 to 6.413 seconds
Number of frames: 1277
Time step: 0.005 seconds
First frame at: 0.01649999999999979 seconds
Maximum number of coefficients possible: 38
Maximum number of coefficients used: 12
Minimum frequency: 0 mel
Maximum frequency: 4000 mel

-----------------------------------------------------------------------------------------
Formants: 
-----------------------------------------------------------------------------------------
Object:  Object type: Formant
Object name: untitled
Date: Wed Feb 26 02:35:13 2020

Time domain:
   Start time: 0 seconds
   End time: 6.413 seconds
   Total duration: 6.413 seconds
Time sampling:
   Number of frames: 2546
   Time step: 0.0025 seconds
   First frame centred at: 0.02525000000000066 seconds


Matrix:  Object type: Matrix
Object name: untitled
Date: Wed Feb 26 02:35:13 2020

xmin: 0
xmax: 6.413
Number of columns: 2546
dx: 0.0025 (-> sampling rate 400 )
x1: 0.02525000000000066
ymin: 1
ymax: 1
Number of rows: 1
dy: 1 (-> sampling rate 1 )
y1: 1
Minimum value: 68.7180926761254
Maximum value: 1844.1965427982873


Quantile of Bandwidth : 261.3837928905903
Mean : 696.4155944252523
Standard Deviation: 236.19405858490202
-----------------------------------------------------------------------------------------
