-----------------------------------------------------------------------------------------
Pitch: Object type: Pitch
Object name: <no name>
Date: Fri Feb 28 17:28:49 2020

Time domain:
   Start time: 0 seconds
   End time: 3.129354166666667 seconds
   Total duration: 3.129354166666667 seconds
Time sampling:
   Number of frames: 309 (84 voiced)
   Time step: 0.01 seconds
   First frame centred at: 0.02467708333333329 seconds
Ceiling at: 600 Hz

Estimated quantiles:
   10% = 119.111772 Hz = 107.818062 Mel = 3.02779202 semitones above 100 Hz = 3.50338204 ERB
   16% = 120.879792 Hz = 109.269433 Mel = 3.28287706 semitones above 100 Hz = 3.54776296 ERB
   50% = 125.149015 Hz = 112.758333 Mel = 3.88376317 semitones above 100 Hz = 3.65416453 ERB
   84% = 135.682221 Hz = 121.272804 Mel = 5.28278023 semitones above 100 Hz = 3.91217274 ERB
   90% = 139.095766 Hz = 124.004087 Mel = 5.71294208 semitones above 100 Hz = 3.99444686 ERB

Estimated spreading:
   84%-median = 10.6 Hz = 8.566 Mel = 1.407 semitones = 0.2596 ERB
   median-16% = 4.295 Hz = 3.51 Mel = 0.6045 semitones = 0.107 ERB
   90%-10% = 20.1 Hz = 16.28 Mel = 2.701 semitones = 0.494 ERB

Minimum 108.42217 Hz = 98.9604241 Mel = 1.39991751 semitones above 100 Hz = 3.23099669 ERB
Maximum 149.659842 Hz = 132.371799 Mel = 6.98024587 semitones above 100 Hz = 4.2450578 ERB
Range 41.24 Hz = 33.4113751 Mel = 5.58 semitones = 1.014 ERB
Average: 126.97524 Hz = 114.208031 Mel = 4.10273331 semitones above 100 Hz = 3.69761912 ERB
Standard deviation: 7.807 Hz = 6.325 Mel = 1.053 semitones = 0.1919 ERB

Mean absolute slope: 91.38 Hz/s = 73.95 Mel/s = 12.24 semitones/s = 2.243 ERB/s
Mean absolute slope without octave jumps: 12.24 semitones/s

-----------------------------------------------------------------------------------------
Jitter:

localJitter: 0.03505225635609907
localabsoluteJitter: 0.0002783908367281176
rapJitter: 0.017540281417518712
ppq5Jitter: 0.0207027855805422
ddpJitter: 0.052620844252556136
-----------------------------------------------------------------------------------------
Shimmer:

localShimmer: 0.14188619469805266
localdbShimmer: 1.256729557974679
apq3Shimmer: 0.05794369757053506
aqpq5Shimmer: 0.07265172068517342
apq11Shimmer: 0.16749640213449288
ddaShimmer: 0.17383109271160518
-----------------------------------------------------------------------------------------
Harmonicity (auto-correlation):  Object type: Harmonicity
Object name: untitled
Date: Fri Feb 28 17:28:49 2020

Time domain:
   Start time: 0 seconds
   End time: 3.129354166666667 seconds
   Total duration: 3.129354166666667 seconds
Time sampling:
   Number of frames: 301 (78 sounding)
   Time step: 0.01 seconds
   First frame centred at: 0.06467708333333311 seconds
Periodicity-to-noise ratios of sounding frames:
   Median 8.00930255 dB
   10 % = 1.62766167 dB   90 %% = 14.4894102 dB
   16 % = 2.41379842 dB   84 %% = 13.3727727 dB
   25 % = 3.60484877 dB   75 %% = 11.8816726 dB
Minimum: -1.52617945 dB
Maximum: 18.6754407 dB
Average: 7.86605319 dB
Standard deviation: 4.97032745 dB

-----------------------------------------------------------------------------------------
Harmonicity (cross-correlation):  Object type: Harmonicity
Object name: untitled
Date: Fri Feb 28 17:28:49 2020

Time domain:
   Start time: 0 seconds
   End time: 3.129354166666667 seconds
   Total duration: 3.129354166666667 seconds
Time sampling:
   Number of frames: 311 (79 sounding)
   Time step: 0.01 seconds
   First frame centred at: 0.014677083333333282 seconds
Periodicity-to-noise ratios of sounding frames:
   Median 10.1356664 dB
   10 % = 2.33062751 dB   90 %% = 17.5372699 dB
   16 % = 3.98539564 dB   84 %% = 16.2185558 dB
   25 % = 6.59091648 dB   75 %% = 14.3962762 dB
Minimum: -5.26124917 dB
Maximum: 22.9020355 dB
Average: 10.1771821 dB
Standard deviation: 5.9048794 dB

-----------------------------------------------------------------------------------------
HNR: 10.177182064765079
-----------------------------------------------------------------------------------------
Glottal features and glottal based spectral features [formants]:
 F1 : 
---------
[685.9912672186308, 678.9624811151368, 667.8422090376447, 649.7396229074352, 627.3368978696294, 603.2198259528761, 572.8395937754373, 534.5791607122626, 463.96504954609105, 389.6080986784886, 344.4451265030363, 333.5445367079713, 324.52328887002983, 286.1976816835892, 277.38924009637935, 334.24315028887946, 425.9889664834015, 491.62778410479393, 504.7007764884224, 497.34084289680584, 492.29347752538456, 490.4012033947137, 493.76527856270644, 490.7988863368511, 491.151512073811, 488.3896682802929, 493.7843268135003, 498.29354022505015, 502.0615243118526, 495.17767875794766, 482.34529611792254, 472.00310829222235, 493.9579725096392, 497.7124335293427, 505.6199742927122, 532.4214504459271, 521.7669013471925, 524.2279939405299, 525.3213223235858, 515.0956677086687, 576.7458202855739, 697.1869728458817, 679.845586583771, 679.3549436934812, 655.9779974777776, 644.308640969641, 605.514971443502, 507.14307919925784, 463.53151347141505, 386.57795787044273, 391.08470527122876, 410.5811632421487, 365.5458726398634, 374.5829795655522, 342.58256480812986, 354.88200431721515, 392.5426376696952, 460.39306668445533, 488.5437224563122, 487.5973666261785, 478.0560994241303, 472.64749333342786, 472.8022237289637, 465.69781853747327, 469.72260919249464, 469.2413989063842, 462.3424656345862, 469.9943535725887, 474.16283478480455, 473.8441547585455, 481.85993041475564, 497.41289343285547, 495.08559254550147, 457.45573544034846, 478.83371303495585, 480.88737468231164, 1026.7169763642985, 669.82856614099, 503.0203710844231, 528.3103628296003, 544.9052562541381, 549.8905372661512, 555.6943134986424, 567.8264591529767, 583.2293248550698, 574.0609583864125, 553.0416184354374, 525.3882446654703, 486.2003717136413, 509.13380848382985, 529.3583920177552, 563.6209573471272, 639.3501088880922, 656.5080211735334, 616.043652036751, 581.2689301397456, 570.9877951516713, 562.9260790246946, 573.6421380298195, 642.3414417408756, 689.0592421201366, 742.9106243636126, 728.36727365556, 687.8509063076858, 710.6252031794959, 714.5544192378815, 672.9590348851837, 691.3346590979695]

F2 : 
---------
[1578.3038773428195, 1516.9718753528346, 1346.0914387136784, 1430.233382677879, 1412.0606508516453, 1415.5923575591482, 1382.436537539495, 1404.430295061209, 1528.4117406984549, 1517.2920492024552, 1578.579039242383, 1548.1429885332648, 1465.3248851551737, 1361.3384007881416, 1382.4490395410808, 1442.8325826387277, 1563.490261490496, 1300.9135467330611, 1408.236797675204, 1315.6242778431563, 1321.2128660409649, 1332.0766955058718, 1329.4877144122574, 1325.9508202538498, 1308.574033474309, 1227.2159506729834, 1077.9965510747606, 1026.3593035372298, 1028.0021707236078, 1090.43941800389, 1102.0518492620004, 1165.1033013772426, 1358.1879723465888, 1372.0806286483296, 1468.2245230540022, 1507.2649921826587, 1427.6199348217513, 1620.986014914436, 1688.829001549, 1581.940067642591, 1641.29802337839, 1427.760413018358, 1423.7553429104928, 1442.464610258621, 1516.0593087238524, 1559.1956092845696, 1614.6939918259336, 1539.3908033384303, 1469.1890701459017, 1438.259570008531, 1436.6457627950972, 1688.1055825267556, 1550.2162183829491, 1583.2883908565695, 1315.0540638725597, 1424.6989388342495, 1470.9015202234602, 1374.6707418944338, 1353.8328347175761, 1338.6976933095134, 1325.8999953672612, 1309.3786216383007, 1286.9409661819554, 1268.296947984347, 1217.5993925063879, 1208.7237098441776, 1176.3133895439005, 1168.0977284128714, 1149.0588023087194, 1199.6676767662016, 1181.8886733600664, 1108.2906220377727, 1217.2797091528585, 1313.4395721104368, 1402.0224723937172, 1235.5536788322534, 1999.7649904910595, 1896.6642213331675, 1104.018163166358, 981.8174763683575, 976.9325249656979, 1005.1799966166142, 1023.033236066994, 1126.900070480699, 1263.6792665189992, 1305.708576594648, 1338.0770064917763, 1366.8972354350906, 1429.7825296683768, 1384.2793306177416, 1324.4057366777884, 1317.7708749690682, 1409.9783813069107, 1437.1679537029363, 1525.9203076153428, 1779.1141276846895, 1559.7694853714788, 1485.1159839135962, 1483.085749910296, 1482.488772959702, 1429.9869150659201, 1480.6407056326564, 1446.4510030077624, 1394.9471220284452, 1363.6166477581573, 1349.8145453632005, 1332.0144645748844, 1332.8920396800142]

F3 : 
---------
[2706.055081223947, 2679.9482791047462, 2532.027712799915, 2554.1899458012763, 2563.262997355411, 2606.736389726241, 2541.4256893045194, 2550.1666714897356, 2563.291791590594, 2608.436004009389, 2726.910177240002, 2684.5660449514344, 2463.9224674628376, 2507.8702308342167, 2564.6310704802922, 2569.8134576523425, 2596.1728910451366, 2499.038879605931, 2526.6719979227923, 2531.984533443532, 2544.4907513333856, 2576.681205017496, 2627.716826036286, 2625.680145910682, 2544.5664577577313, 2459.8168311801937, 2476.200194784458, 2336.8391442509223, 2655.598529971365, 2556.9185787372876, 2463.4181509732393, 2444.8153326499078, 2616.287151668604, 2537.2757605241395, 2558.9739462407356, 2536.103566085996, 2530.7730872255192, 2529.716641118902, 2726.8612341300677, 2547.6535025560634, 2520.417065197339, 2573.9013547758914, 2307.552993374086, 2297.7894742488434, 2351.083220344324, 2475.363927460179, 2577.850334003985, 2593.8116632711135, 2573.933220704174, 2607.76076422377, 2700.988335048034, 2747.1083459661886, 2711.5758702527837, 2763.3118267175487, 2520.8522054565005, 2766.7611425439304, 2709.550508196191, 2762.295113277806, 2700.568346789759, 2859.119321426499, 2837.5719159770388, 2732.1512037237144, 2929.497859897915, 2911.892608508774, 2794.5533702868406, 2666.20466611363, 2527.274369224828, 2573.6077724106813, 2612.295540985712, 2751.61390603395, 2540.5872459992124, 2418.0377030350046, 2569.498054971723, 2535.9949431009163, 2488.19772192457, 2288.7361387047617, 2997.332163871565, 3129.371700725799, 2591.977107280117, 2666.481307222424, 2608.0334333425453, 2726.7962614957087, 2771.665764071362, 2613.2441465616325, 2603.5251972042593, 2565.002460266497, 2553.967008906876, 2569.2833141724877, 2609.5904722788487, 2579.8877785317127, 2546.2442151028677, 2528.3754539724564, 2515.953284335954, 2643.5503149292704, 2581.2752982782863, 2880.2657267936193, 2749.374538652626, 2774.072024726085, 2694.566541982038, 2654.5307616813407, 2687.755250034446, 2692.2638201002787, 2698.709172913003, 2683.3817360589, 2569.0293337456706, 2648.6259579256375, 2647.9898947149163, 2490.489997735483]

F4 : 
---------
[3964.7190230925567, 3745.293246571307, 3682.246035033288, 3734.090570019063, 3681.42860520416, 3713.360059717972, 3763.7456782312665, 3795.410662049305, 3776.109113548545, 3797.44867746999, 3714.5191422661096, 3734.0796602335304, 3811.1499503251457, 3528.9206558450337, 3605.5375431909697, 3729.0729021734733, 3781.1713544713098, 3400.7224668651384, 3708.390323652021, 3705.6597486754, 3665.1173141830654, 3701.7732864389745, 3691.324100107813, 3674.031861905271, 3733.481931968506, 3702.360995567263, 3728.844830977162, 3605.2903609283335, 3546.8661099621077, 3562.148624988991, 3620.3609320821915, 3624.9031757758157, 3502.997903499482, 3424.7504254680016, 3521.5906345126223, 3408.6473164372983, 3374.8861646100813, 3465.1329340274087, 3673.6311138272745, 3427.119668590147, 3457.27601471857, 3790.7425194698676, 3822.0405902253965, 3747.8719914748563, 3793.6336691017796, 3769.579454147447, 3821.6820542315795, 3855.9898347837525, 3811.3706755346134, 3770.7291395997518, 3796.878225352609, 3828.1572520033574, 3801.6645979467316, 3932.942462631523, 3212.503992441617, 4010.45544424968, 3745.6559243380284, 3798.241080879629, 3825.2035216833874, 3836.453101090775, 3878.8992033437175, 3905.1512580227945, 3811.975191536649, 4061.964759459817, 3779.504721263219, 3572.7125003183255, 3715.701786987942, 3666.9990452389698, 3735.6074130075194, 3882.8958596704715, 3666.9081040755245, 3522.1957967241415, 3392.5037925093784, 3311.3703929481235, 3469.348316448553, 3390.961522965351, 4127.8985421421185, 3709.1127344062716, 3691.3604926376374, 3652.824939293133, 3857.3671883023876, 3673.4576342212667, 3469.207101412503, 4020.055776099425, 3981.9664826941817, 3911.7333564138185, 3743.5850478689526, 3846.6727137677053, 3750.6904906951268, 3888.130752245537, 3805.099020210402, 3498.575108367005, 3358.387679356951, 3466.698422917868, 3490.398246528599, 4092.1632036766605, 3931.205192102599, 3982.2833935973963, 3982.717601384275, 3912.643657131096, 3946.634703321419, 3938.507901124081, 3908.395534099487, 3960.232804194958, 3964.534687560967, 3825.5601463794833, 3936.3669606366743, 3556.0235412474444]

Mean of Formants:
-----------------------
F1: 527.9277881833436
F2: 1377.5269048604123
F3: 2611.531767083243
F4: 3723.1721978792248
-----------------------------------------------------------------------------------------
MFCC: 
-------
  Object type: MFCC
Object name: untitled
Date: Fri Feb 28 17:28:49 2020

Time domain:0 to 3.129354166666667 seconds
Number of frames: 620
Time step: 0.005 seconds
First frame at: 0.017177083333333173 seconds
Maximum number of coefficients possible: 38
Maximum number of coefficients used: 12
Minimum frequency: 0 mel
Maximum frequency: 4000 mel

-----------------------------------------------------------------------------------------
Formants: 
-----------------------------------------------------------------------------------------
Object:  Object type: Formant
Object name: untitled
Date: Fri Feb 28 17:28:49 2020

Time domain:
   Start time: 0 seconds
   End time: 3.129354166666667 seconds
   Total duration: 3.129354166666667 seconds
Time sampling:
   Number of frames: 1232
   Time step: 0.0025 seconds
   First frame centred at: 0.025927083333333156 seconds


Matrix:  Object type: Matrix
Object name: untitled
Date: Fri Feb 28 17:28:49 2020

xmin: 0
xmax: 3.129354166666667
Number of columns: 1232
dx: 0.0025 (-> sampling rate 400 )
x1: 0.025927083333333156
ymin: 1
ymax: 1
Number of rows: 1
dy: 1 (-> sampling rate 1 )
y1: 1
Minimum value: 272.7066394560951
Maximum value: 1256.7674147043301


Quantile of Bandwidth : 88.64770084243918
Mean : 764.7819219367768
Standard Deviation: 205.68633080102236
-----------------------------------------------------------------------------------------
